Using pre-set license
Built from '2022.3/staging' branch; Version is '2022.3.29f1 (8d510ca76d2b) revision 9261324'; Using compiler version '192829333'; Build Type 'Release'
OS: 'Windows 11  (10.0.22631) 64bit CoreSingleLanguage' Language: 'en' Physical Memory: 7561 MB
BatchMode: 1, IsHumanControllingUs: 0, StartBugReporterOnCrash: 0, Is64bit: 1, IsPro: 1

COMMAND LINE ARGUMENTS:
C:\Program Files\Unity\Hub\Editor\2022.3.29f1\Editor\Unity.exe
-adb2
-batchMode
-noUpm
-name
AssetImportWorker6
-projectPath
C:/SLIIT/Y4S1/CTSE/Assignments/Assignment 3/P1/Dinos-CTSE
-logFile
Logs/AssetImportWorker6.log
-srvPort
49342
Successfully changed project path to: C:/SLIIT/Y4S1/CTSE/Assignments/Assignment 3/P1/Dinos-CTSE
C:/SLIIT/Y4S1/CTSE/Assignments/Assignment 3/P1/Dinos-CTSE
[UnityMemory] Configuration Parameters - Can be set up in boot.config
    "memorysetup-bucket-allocator-granularity=16"
    "memorysetup-bucket-allocator-bucket-count=8"
    "memorysetup-bucket-allocator-block-size=33554432"
    "memorysetup-bucket-allocator-block-count=8"
    "memorysetup-main-allocator-block-size=16777216"
    "memorysetup-thread-allocator-block-size=16777216"
    "memorysetup-gfx-main-allocator-block-size=16777216"
    "memorysetup-gfx-thread-allocator-block-size=16777216"
    "memorysetup-cache-allocator-block-size=4194304"
    "memorysetup-typetree-allocator-block-size=2097152"
    "memorysetup-profiler-bucket-allocator-granularity=16"
    "memorysetup-profiler-bucket-allocator-bucket-count=8"
    "memorysetup-profiler-bucket-allocator-block-size=33554432"
    "memorysetup-profiler-bucket-allocator-block-count=8"
    "memorysetup-profiler-allocator-block-size=16777216"
    "memorysetup-profiler-editor-allocator-block-size=1048576"
    "memorysetup-temp-allocator-size-main=16777216"
    "memorysetup-job-temp-allocator-block-size=2097152"
    "memorysetup-job-temp-allocator-block-size-background=1048576"
    "memorysetup-job-temp-allocator-reduction-small-platforms=262144"
    "memorysetup-allocator-temp-initial-block-size-main=262144"
    "memorysetup-allocator-temp-initial-block-size-worker=262144"
    "memorysetup-temp-allocator-size-background-worker=32768"
    "memorysetup-temp-allocator-size-job-worker=262144"
    "memorysetup-temp-allocator-size-preload-manager=33554432"
    "memorysetup-temp-allocator-size-nav-mesh-worker=65536"
    "memorysetup-temp-allocator-size-audio-worker=65536"
    "memorysetup-temp-allocator-size-cloud-worker=32768"
    "memorysetup-temp-allocator-size-gi-baking-worker=262144"
    "memorysetup-temp-allocator-size-gfx=262144"
Player connection [26980] Host "[IP] 192.168.8.153 [Port] 0 [Flags] 2 [Guid] 147479271 [EditorId] 147479271 [Version] 1048832 [Id] WindowsEditor(7,MayaXian) [Debug] 1 [PackageName] WindowsEditor [ProjectName] Editor" joined multi-casting on [225.0.0.222:54997]...

Player connection [26980] Host "[IP] 192.168.8.153 [Port] 0 [Flags] 2 [Guid] 147479271 [EditorId] 147479271 [Version] 1048832 [Id] WindowsEditor(7,MayaXian) [Debug] 1 [PackageName] WindowsEditor [ProjectName] Editor" joined alternative multi-casting on [225.0.0.222:34997]...

[Physics::Module] Initialized MultithreadedJobDispatcher with 11 workers.
Refreshing native plugins compatible for Editor in 108.45 ms, found 6 plugins.
Preloading 2 native plugins for Editor in 15.36 ms.
Initialize engine version: 2022.3.29f1 (8d510ca76d2b)
[Subsystems] Discovering subsystems at path C:/Program Files/Unity/Hub/Editor/2022.3.29f1/Editor/Data/Resources/UnitySubsystems
[Subsystems] Discovering subsystems at path C:/SLIIT/Y4S1/CTSE/Assignments/Assignment 3/P1/Dinos-CTSE/Assets
GfxDevice: creating device client; threaded=0; jobified=0
Direct3D:
    Version:  Direct3D 11.0 [level 11.1]
    Renderer: AMD Radeon(TM) Graphics (ID=0x164c)
    Vendor:   ATI
    VRAM:     3780 MB
    Driver:   30.0.13044.14002
Initialize mono
Mono path[0] = 'C:/Program Files/Unity/Hub/Editor/2022.3.29f1/Editor/Data/Managed'
Mono path[1] = 'C:/Program Files/Unity/Hub/Editor/2022.3.29f1/Editor/Data/MonoBleedingEdge/lib/mono/unityjit-win32'
Mono config path = 'C:/Program Files/Unity/Hub/Editor/2022.3.29f1/Editor/Data/MonoBleedingEdge/etc'
Using monoOptions --debugger-agent=transport=dt_socket,embedding=1,server=y,suspend=n,address=127.0.0.1:56152
Begin MonoManager ReloadAssembly
Registering precompiled unity dll's ...
Register platform support module: C:/Program Files/Unity/Hub/Editor/2022.3.29f1/Editor/Data/PlaybackEngines/WebGLSupport/UnityEditor.WebGL.Extensions.dll
Register platform support module: C:/Program Files/Unity/Hub/Editor/2022.3.29f1/Editor/Data/PlaybackEngines/AndroidPlayer/UnityEditor.Android.Extensions.dll
Register platform support module: C:/Program Files/Unity/Hub/Editor/2022.3.29f1/Editor/Data/PlaybackEngines/WindowsStandaloneSupport/UnityEditor.WindowsStandalone.Extensions.dll
Registered in 0.030242 seconds.
- Loaded All Assemblies, in  1.108 seconds
Native extension for WindowsStandalone target not found
Native extension for Android target not found
Android Extension - Scanning For ADB Devices 1340 ms
Native extension for WebGL target not found
Mono: successfully reloaded assembly
- Finished resetting the current domain, in  2.617 seconds
Domain Reload Profiling: 3720ms
	BeginReloadAssembly (407ms)
		ExecutionOrderSort (0ms)
		DisableScriptedObjects (0ms)
		BackupInstance (0ms)
		ReleaseScriptingObjects (0ms)
		CreateAndSetChildDomain (4ms)
	RebuildCommonClasses (91ms)
	RebuildNativeTypeToScriptingClass (24ms)
	initialDomainReloadingComplete (146ms)
	LoadAllAssembliesAndSetupDomain (432ms)
		LoadAssemblies (399ms)
		RebuildTransferFunctionScriptingTraits (0ms)
		AnalyzeDomain (424ms)
			TypeCache.Refresh (421ms)
				TypeCache.ScanAssembly (383ms)
			ScanForSourceGeneratedMonoScriptInfo (1ms)
			ResolveRequiredComponents (1ms)
	FinalizeReload (2619ms)
		ReleaseScriptCaches (0ms)
		RebuildScriptCaches (0ms)
		SetupLoadedEditorAssemblies (2425ms)
			LogAssemblyErrors (0ms)
			InitializePlatformSupportModulesInManaged (1657ms)
			SetLoadedEditorAssemblies (13ms)
			RefreshPlugins (0ms)
			BeforeProcessingInitializeOnLoad (10ms)
			ProcessInitializeOnLoadAttributes (520ms)
			ProcessInitializeOnLoadMethodAttributes (224ms)
			AfterProcessingInitializeOnLoad (0ms)
			EditorAssembliesLoaded (0ms)
		ExecutionOrderSort2 (0ms)
		AwakeInstancesAfterBackupRestoration (0ms)
========================================================================
Worker process is ready to serve import requests
Begin MonoManager ReloadAssembly
- Loaded All Assemblies, in  1.969 seconds
Refreshing native plugins compatible for Editor in 37.50 ms, found 6 plugins.
Native extension for WindowsStandalone target not found
Native extension for Android target not found
Native extension for WebGL target not found
Package Manager log level set to [2]
[Package Manager] Server::EnsureServerProcessIsRunning -- launch failed, reason: Unity was launched with the -noUpm command-line argument
[Package Manager] UpmClient::Send -- Unable to send message (not connected to UPM process).
[Package Manager] Cannot connect to Unity Package Manager local server
Mono: successfully reloaded assembly
- Finished resetting the current domain, in  1.568 seconds
Domain Reload Profiling: 3529ms
	BeginReloadAssembly (471ms)
		ExecutionOrderSort (0ms)
		DisableScriptedObjects (17ms)
		BackupInstance (0ms)
		ReleaseScriptingObjects (0ms)
		CreateAndSetChildDomain (60ms)
	RebuildCommonClasses (100ms)
	RebuildNativeTypeToScriptingClass (30ms)
	initialDomainReloadingComplete (150ms)
	LoadAllAssembliesAndSetupDomain (1208ms)
		LoadAssemblies (1055ms)
		RebuildTransferFunctionScriptingTraits (0ms)
		AnalyzeDomain (436ms)
			TypeCache.Refresh (386ms)
				TypeCache.ScanAssembly (347ms)
			ScanForSourceGeneratedMonoScriptInfo (32ms)
			ResolveRequiredComponents (15ms)
	FinalizeReload (1569ms)
		ReleaseScriptCaches (0ms)
		RebuildScriptCaches (0ms)
		SetupLoadedEditorAssemblies (1200ms)
			LogAssemblyErrors (0ms)
			InitializePlatformSupportModulesInManaged (62ms)
			SetLoadedEditorAssemblies (6ms)
			RefreshPlugins (0ms)
			BeforeProcessingInitializeOnLoad (121ms)
			ProcessInitializeOnLoadAttributes (931ms)
			ProcessInitializeOnLoadMethodAttributes (59ms)
			AfterProcessingInitializeOnLoad (20ms)
			EditorAssembliesLoaded (0ms)
		ExecutionOrderSort2 (0ms)
		AwakeInstancesAfterBackupRestoration (16ms)
Launched and connected shader compiler UnityShaderCompiler.exe after 0.16 seconds
Refreshing native plugins compatible for Editor in 27.79 ms, found 6 plugins.
Preloading 2 native plugins for Editor in 0.26 ms.
Unloading 3164 Unused Serialized files (Serialized files now loaded: 0)
Unloading 57 unused Assets / (102.9 KB). Loaded Objects now: 3925.
Memory consumption went from 138.6 MB to 138.5 MB.
Total: 9.316800 ms (FindLiveObjects: 1.043700 ms CreateObjectMapping: 0.530400 ms MarkObjects: 7.261700 ms  DeleteObjects: 0.477800 ms)

AssetImportParameters requested are different than current active one (requested -> active):
  custom:container-demuxer-ogg: 62fdf1f143b41e24485cea50d1cbac27 -> 
  custom:video-decoder-ogg-theora: a1e56fd34408186e4bbccfd4996cb3dc -> 
  custom:framework-win-MediaFoundation: 216162199b28c13a410421893ffa2e32 -> 
  custom:CustomObjectIndexerAttribute: 9a22284fe3817be447336de3de66b15e -> 
  custom:container-demuxer-webm: 4f35f7cbe854078d1ac9338744f61a02 -> 
  custom:container-muxer-webm: aa71ff27fc2769a1b78a27578f13a17b -> 
  custom:video-decoder-webm-vp8: 9c59270c3fd7afecdb556c50c9e8de78 -> 
  custom:SearchIndexIgnoredProperties: e643bd26f0fe6173181afceb89e7c659 -> 
  custom:AudioImporter_EditorPlatform: d09bf68614088b80899f8185d706f6e7 -> 
  custom:video-encoder-webm-vp8: eb34c28f22e8b96e1ab97ce403110664 -> 
  custom:audio-decoder-ogg-vorbis: bf7c407c2cedff20999df2af8eb42d56 -> 
  custom:audio-encoder-webm-vorbis: bf7c407c2cedff20999df2af8eb42d56 -> 
========================================================================
Received Prepare
Begin MonoManager ReloadAssembly
- Loaded All Assemblies, in  1.138 seconds
Refreshing native plugins compatible for Editor in 24.98 ms, found 6 plugins.
Native extension for WindowsStandalone target not found
Native extension for Android target not found
Native extension for WebGL target not found
[Package Manager] Server::EnsureServerProcessIsRunning -- launch failed, reason: Unity was launched with the -noUpm command-line argument
[Package Manager] UpmClient::Send -- Unable to send message (not connected to UPM process).
[Package Manager] Cannot connect to Unity Package Manager local server
Mono: successfully reloaded assembly
- Finished resetting the current domain, in  2.286 seconds
Domain Reload Profiling: 3418ms
	BeginReloadAssembly (357ms)
		ExecutionOrderSort (0ms)
		DisableScriptedObjects (14ms)
		BackupInstance (0ms)
		ReleaseScriptingObjects (0ms)
		CreateAndSetChildDomain (63ms)
	RebuildCommonClasses (79ms)
	RebuildNativeTypeToScriptingClass (30ms)
	initialDomainReloadingComplete (80ms)
	LoadAllAssembliesAndSetupDomain (585ms)
		LoadAssemblies (772ms)
		RebuildTransferFunctionScriptingTraits (0ms)
		AnalyzeDomain (30ms)
			TypeCache.Refresh (12ms)
				TypeCache.ScanAssembly (0ms)
			ScanForSourceGeneratedMonoScriptInfo (0ms)
			ResolveRequiredComponents (16ms)
	FinalizeReload (2287ms)
		ReleaseScriptCaches (0ms)
		RebuildScriptCaches (0ms)
		SetupLoadedEditorAssemblies (989ms)
			LogAssemblyErrors (0ms)
			InitializePlatformSupportModulesInManaged (58ms)
			SetLoadedEditorAssemblies (8ms)
			RefreshPlugins (0ms)
			BeforeProcessingInitializeOnLoad (136ms)
			ProcessInitializeOnLoadAttributes (726ms)
			ProcessInitializeOnLoadMethodAttributes (46ms)
			AfterProcessingInitializeOnLoad (14ms)
			EditorAssembliesLoaded (0ms)
		ExecutionOrderSort2 (0ms)
		AwakeInstancesAfterBackupRestoration (13ms)
Refreshing native plugins compatible for Editor in 23.21 ms, found 6 plugins.
Preloading 2 native plugins for Editor in 0.20 ms.
Unloading 3125 Unused Serialized files (Serialized files now loaded: 0)
Unloading 48 unused Assets / (75.1 KB). Loaded Objects now: 3928.
Memory consumption went from 129.2 MB to 129.2 MB.
Total: 7.379000 ms (FindLiveObjects: 0.707700 ms CreateObjectMapping: 0.224600 ms MarkObjects: 6.170300 ms  DeleteObjects: 0.272600 ms)

Prepare: number of updated asset objects reloaded= 0
AssetImportParameters requested are different than current active one (requested -> active):
  custom:container-demuxer-ogg: 62fdf1f143b41e24485cea50d1cbac27 -> 
  custom:video-decoder-ogg-theora: a1e56fd34408186e4bbccfd4996cb3dc -> 
  custom:framework-win-MediaFoundation: 216162199b28c13a410421893ffa2e32 -> 
  custom:CustomObjectIndexerAttribute: 9a22284fe3817be447336de3de66b15e -> 
  custom:container-demuxer-webm: 4f35f7cbe854078d1ac9338744f61a02 -> 
  custom:container-muxer-webm: aa71ff27fc2769a1b78a27578f13a17b -> 
  custom:video-decoder-webm-vp8: 9c59270c3fd7afecdb556c50c9e8de78 -> 
  custom:SearchIndexIgnoredProperties: e643bd26f0fe6173181afceb89e7c659 -> 
  custom:AudioImporter_EditorPlatform: d09bf68614088b80899f8185d706f6e7 -> 
  custom:video-encoder-webm-vp8: eb34c28f22e8b96e1ab97ce403110664 -> 
  custom:audio-decoder-ogg-vorbis: bf7c407c2cedff20999df2af8eb42d56 -> 
  custom:audio-encoder-webm-vorbis: bf7c407c2cedff20999df2af8eb42d56 -> 
========================================================================
Received Prepare
Begin MonoManager ReloadAssembly
- Loaded All Assemblies, in  1.110 seconds
Refreshing native plugins compatible for Editor in 17.43 ms, found 6 plugins.
Native extension for WindowsStandalone target not found
Native extension for Android target not found
Native extension for WebGL target not found
[Package Manager] Server::EnsureServerProcessIsRunning -- launch failed, reason: Unity was launched with the -noUpm command-line argument
[Package Manager] UpmClient::Send -- Unable to send message (not connected to UPM process).
[Package Manager] Cannot connect to Unity Package Manager local server
Mono: successfully reloaded assembly
- Finished resetting the current domain, in  2.960 seconds
Domain Reload Profiling: 4062ms
	BeginReloadAssembly (374ms)
		ExecutionOrderSort (0ms)
		DisableScriptedObjects (12ms)
		BackupInstance (0ms)
		ReleaseScriptingObjects (0ms)
		CreateAndSetChildDomain (78ms)
	RebuildCommonClasses (78ms)
	RebuildNativeTypeToScriptingClass (25ms)
	initialDomainReloadingComplete (73ms)
	LoadAllAssembliesAndSetupDomain (551ms)
		LoadAssemblies (739ms)
		RebuildTransferFunctionScriptingTraits (0ms)
		AnalyzeDomain (27ms)
			TypeCache.Refresh (10ms)
				TypeCache.ScanAssembly (0ms)
			ScanForSourceGeneratedMonoScriptInfo (0ms)
			ResolveRequiredComponents (15ms)
	FinalizeReload (2961ms)
		ReleaseScriptCaches (0ms)
		RebuildScriptCaches (0ms)
		SetupLoadedEditorAssemblies (1285ms)
			LogAssemblyErrors (0ms)
			InitializePlatformSupportModulesInManaged (79ms)
			SetLoadedEditorAssemblies (10ms)
			RefreshPlugins (0ms)
			BeforeProcessingInitializeOnLoad (161ms)
			ProcessInitializeOnLoadAttributes (931ms)
			ProcessInitializeOnLoadMethodAttributes (78ms)
			AfterProcessingInitializeOnLoad (25ms)
			EditorAssembliesLoaded (1ms)
		ExecutionOrderSort2 (0ms)
		AwakeInstancesAfterBackupRestoration (20ms)
Refreshing native plugins compatible for Editor in 45.10 ms, found 6 plugins.
Preloading 2 native plugins for Editor in 0.28 ms.
Unloading 3125 Unused Serialized files (Serialized files now loaded: 0)
Unloading 48 unused Assets / (75.1 KB). Loaded Objects now: 3931.
Memory consumption went from 129.2 MB to 129.2 MB.
Total: 12.399500 ms (FindLiveObjects: 1.626200 ms CreateObjectMapping: 0.754000 ms MarkObjects: 9.689200 ms  DeleteObjects: 0.326100 ms)

Prepare: number of updated asset objects reloaded= 0
AssetImportParameters requested are different than current active one (requested -> active):
  custom:container-demuxer-ogg: 62fdf1f143b41e24485cea50d1cbac27 -> 
  custom:video-decoder-ogg-theora: a1e56fd34408186e4bbccfd4996cb3dc -> 
  custom:framework-win-MediaFoundation: 216162199b28c13a410421893ffa2e32 -> 
  custom:CustomObjectIndexerAttribute: 9a22284fe3817be447336de3de66b15e -> 
  custom:container-demuxer-webm: 4f35f7cbe854078d1ac9338744f61a02 -> 
  custom:container-muxer-webm: aa71ff27fc2769a1b78a27578f13a17b -> 
  custom:video-decoder-webm-vp8: 9c59270c3fd7afecdb556c50c9e8de78 -> 
  custom:SearchIndexIgnoredProperties: e643bd26f0fe6173181afceb89e7c659 -> 
  custom:AudioImporter_EditorPlatform: d09bf68614088b80899f8185d706f6e7 -> 
  custom:video-encoder-webm-vp8: eb34c28f22e8b96e1ab97ce403110664 -> 
  custom:audio-decoder-ogg-vorbis: bf7c407c2cedff20999df2af8eb42d56 -> 
  custom:audio-encoder-webm-vorbis: bf7c407c2cedff20999df2af8eb42d56 -> 
========================================================================
Received Import Request.
  Time since last request: 194461.946205 seconds.
  path: Assets/BloodDecalsAndEffects/BloodGushFX/BloodSprayFX_Colormodifyable.prefab
  artifactKey: Guid(532c8be46e6660e49a9e48ce60e82441) Importer(815301076,1909f56bfc062723c751e8b465ee728b)
Start importing Assets/BloodDecalsAndEffects/BloodGushFX/BloodSprayFX_Colormodifyable.prefab using Guid(532c8be46e6660e49a9e48ce60e82441) Importer(815301076,1909f56bfc062723c751e8b465ee728b)  -> (artifact id: '2d3ceed6f2ec27295924baca60034587') in 0.260226 seconds
Number of updated asset objects reloaded before import = 0
Number of asset objects unloaded after import = 22
========================================================================
Received Import Request.
  Time since last request: 0.000054 seconds.
  path: Assets/BloodDecalsAndEffects/BloodGushFX/ChunkParticleSystem.prefab
  artifactKey: Guid(d5f26854a8904624c8073139cd2eb346) Importer(815301076,1909f56bfc062723c751e8b465ee728b)
Start importing Assets/BloodDecalsAndEffects/BloodGushFX/ChunkParticleSystem.prefab using Guid(d5f26854a8904624c8073139cd2eb346) Importer(815301076,1909f56bfc062723c751e8b465ee728b)  -> (artifact id: '0a5f0da4ca7fa721d6cc803303f61bdb') in 0.422189 seconds
Number of updated asset objects reloaded before import = 0
Number of asset objects unloaded after import = 15
========================================================================
Received Import Request.
  Time since last request: 8.595772 seconds.
  path: Assets/BloodDecalsAndEffects/BloodGushFX/BloodGushFX/Materials/BloodParticleB.mat
  artifactKey: Guid(372655694a62c8f4cba7e4a00bda0cc8) Importer(815301076,1909f56bfc062723c751e8b465ee728b)
Start importing Assets/BloodDecalsAndEffects/BloodGushFX/BloodGushFX/Materials/BloodParticleB.mat using Guid(372655694a62c8f4cba7e4a00bda0cc8) Importer(815301076,1909f56bfc062723c751e8b465ee728b)  -> (artifact id: '8e401096d4c7ef6171e8d0c54efa13ba') in 0.084546 seconds
Number of updated asset objects reloaded before import = 0
Number of asset objects unloaded after import = 2
========================================================================
Received Import Request.
  Time since last request: 0.000036 seconds.
  path: Assets/BloodDecalsAndEffects/BloodGushFX/BloodGushFX/Materials/BloodParticleC.mat
  artifactKey: Guid(1226a3e53649e09428c4c0cf03714527) Importer(815301076,1909f56bfc062723c751e8b465ee728b)
Start importing Assets/BloodDecalsAndEffects/BloodGushFX/BloodGushFX/Materials/BloodParticleC.mat using Guid(1226a3e53649e09428c4c0cf03714527) Importer(815301076,1909f56bfc062723c751e8b465ee728b)  -> (artifact id: 'a03f40dae9a8d35b7ae6342fcc1fa8f6') in 0.023079 seconds
Number of updated asset objects reloaded before import = 0
Number of asset objects unloaded after import = 2
========================================================================
Received Import Request.
  Time since last request: 12.313446 seconds.
  path: Assets/BloodDecalsAndEffects/BloodGushFX/Gibblets/GibbletChunk_2.prefab
  artifactKey: Guid(2298a07c7abdd4b4db772ab4e69d7638) Importer(815301076,1909f56bfc062723c751e8b465ee728b)
Start importing Assets/BloodDecalsAndEffects/BloodGushFX/Gibblets/GibbletChunk_2.prefab using Guid(2298a07c7abdd4b4db772ab4e69d7638) Importer(815301076,1909f56bfc062723c751e8b465ee728b)  -> (artifact id: 'a77ac04f923f9885ff20ca18ee168379') in 0.069429 seconds
Number of updated asset objects reloaded before import = 0
Number of asset objects unloaded after import = 13
========================================================================
Received Import Request.
  Time since last request: 0.000096 seconds.
  path: Assets/BloodDecalsAndEffects/BloodGushFX/Gibblets/GibbletChunk_4.prefab
  artifactKey: Guid(76ce888d578cebf41a8cd92dd92f7ed2) Importer(815301076,1909f56bfc062723c751e8b465ee728b)
Start importing Assets/BloodDecalsAndEffects/BloodGushFX/Gibblets/GibbletChunk_4.prefab using Guid(76ce888d578cebf41a8cd92dd92f7ed2) Importer(815301076,1909f56bfc062723c751e8b465ee728b)  -> (artifact id: '1f15c3b3cfc7073a5b088f6bf5dbb227') in 0.172238 seconds
Number of updated asset objects reloaded before import = 0
Number of asset objects unloaded after import = 13
========================================================================
Received Import Request.
  Time since last request: 0.000053 seconds.
  path: Assets/BloodDecalsAndEffects/BloodGushFX/Gibblets/GibbletChunk_5.prefab
  artifactKey: Guid(e34f7bee5dd88544cb37d226dd54d478) Importer(815301076,1909f56bfc062723c751e8b465ee728b)
Start importing Assets/BloodDecalsAndEffects/BloodGushFX/Gibblets/GibbletChunk_5.prefab using Guid(e34f7bee5dd88544cb37d226dd54d478) Importer(815301076,1909f56bfc062723c751e8b465ee728b)  -> (artifact id: 'f8c1f38c7afba9894162bf53f18a5626') in 0.048760 seconds
Number of updated asset objects reloaded before import = 0
Number of asset objects unloaded after import = 13
========================================================================
Received Import Request.
  Time since last request: 0.000052 seconds.
  path: Assets/BloodDecalsAndEffects/BloodGushFX/Gibblets/GibbletChunk_6.prefab
  artifactKey: Guid(dd107709ac611784db7b9d0e4c74761f) Importer(815301076,1909f56bfc062723c751e8b465ee728b)
Start importing Assets/BloodDecalsAndEffects/BloodGushFX/Gibblets/GibbletChunk_6.prefab using Guid(dd107709ac611784db7b9d0e4c74761f) Importer(815301076,1909f56bfc062723c751e8b465ee728b)  -> (artifact id: 'f3d442a775a1db5e24fc8c2e16406274') in 0.039464 seconds
Number of updated asset objects reloaded before import = 0
Number of asset objects unloaded after import = 13
========================================================================
Received Import Request.
  Time since last request: 15.438271 seconds.
  path: Assets/BloodDecalsAndEffects/BloodGushFX/brainsAndBlood/Textures/Brains_Displacement.png
  artifactKey: Guid(16c53fef92528674fbf2fab05e0bf9a7) Importer(815301076,1909f56bfc062723c751e8b465ee728b)
Start importing Assets/BloodDecalsAndEffects/BloodGushFX/brainsAndBlood/Textures/Brains_Displacement.png using Guid(16c53fef92528674fbf2fab05e0bf9a7) Importer(815301076,1909f56bfc062723c751e8b465ee728b)  -> (artifact id: 'b7a68b7f10868b1cadd3c233906e6696') in 0.053279 seconds
Number of updated asset objects reloaded before import = 0
Number of asset objects unloaded after import = 2
========================================================================
Received Import Request.
  Time since last request: 42.183604 seconds.
  path: Assets/BloodDecalsAndEffects/TiledRoom/Textures/Tiles/TilesGloss.png
  artifactKey: Guid(314653601bf5c094ebdc301787a8cedf) Importer(815301076,1909f56bfc062723c751e8b465ee728b)
Start importing Assets/BloodDecalsAndEffects/TiledRoom/Textures/Tiles/TilesGloss.png using Guid(314653601bf5c094ebdc301787a8cedf) Importer(815301076,1909f56bfc062723c751e8b465ee728b)  -> (artifact id: 'ee870d8e1425b13d633ed34a4b3e427a') in 0.029505 seconds
Number of updated asset objects reloaded before import = 0
Number of asset objects unloaded after import = 2
Editor requested this worker to shutdown with reason: Scaling down because of idle timeout
TcpMessagingSession - receive error: operation aborted. errorcode: 995, details: The I/O operation has been aborted because of either a thread exit or an application request.
AssetImportWorker is now disconnected from the server
Process exiting
Exiting without the bug reporter. Application will terminate with return code 0