Using pre-set license
Built from '2022.3/staging' branch; Version is '2022.3.29f1 (8d510ca76d2b) revision 9261324'; Using compiler version '192829333'; Build Type 'Release'
OS: 'Windows 11  (10.0.22631) 64bit CoreSingleLanguage' Language: 'en' Physical Memory: 7561 MB
BatchMode: 1, IsHumanControllingUs: 0, StartBugReporterOnCrash: 0, Is64bit: 1, IsPro: 1

COMMAND LINE ARGUMENTS:
C:\Program Files\Unity\Hub\Editor\2022.3.29f1\Editor\Unity.exe
-adb2
-batchMode
-noUpm
-name
AssetImportWorker12
-projectPath
C:/SLIIT/Y4S1/CTSE/Assignments/Assignment 3/P1/Dinos-CTSE
-logFile
Logs/AssetImportWorker12.log
-srvPort
49342
Successfully changed project path to: C:/SLIIT/Y4S1/CTSE/Assignments/Assignment 3/P1/Dinos-CTSE
C:/SLIIT/Y4S1/CTSE/Assignments/Assignment 3/P1/Dinos-CTSE
[UnityMemory] Configuration Parameters - Can be set up in boot.config
    "memorysetup-bucket-allocator-granularity=16"
    "memorysetup-bucket-allocator-bucket-count=8"
    "memorysetup-bucket-allocator-block-size=33554432"
    "memorysetup-bucket-allocator-block-count=8"
    "memorysetup-main-allocator-block-size=16777216"
    "memorysetup-thread-allocator-block-size=16777216"
    "memorysetup-gfx-main-allocator-block-size=16777216"
    "memorysetup-gfx-thread-allocator-block-size=16777216"
    "memorysetup-cache-allocator-block-size=4194304"
    "memorysetup-typetree-allocator-block-size=2097152"
    "memorysetup-profiler-bucket-allocator-granularity=16"
    "memorysetup-profiler-bucket-allocator-bucket-count=8"
    "memorysetup-profiler-bucket-allocator-block-size=33554432"
    "memorysetup-profiler-bucket-allocator-block-count=8"
    "memorysetup-profiler-allocator-block-size=16777216"
    "memorysetup-profiler-editor-allocator-block-size=1048576"
    "memorysetup-temp-allocator-size-main=16777216"
    "memorysetup-job-temp-allocator-block-size=2097152"
    "memorysetup-job-temp-allocator-block-size-background=1048576"
    "memorysetup-job-temp-allocator-reduction-small-platforms=262144"
    "memorysetup-allocator-temp-initial-block-size-main=262144"
    "memorysetup-allocator-temp-initial-block-size-worker=262144"
    "memorysetup-temp-allocator-size-background-worker=32768"
    "memorysetup-temp-allocator-size-job-worker=262144"
    "memorysetup-temp-allocator-size-preload-manager=33554432"
    "memorysetup-temp-allocator-size-nav-mesh-worker=65536"
    "memorysetup-temp-allocator-size-audio-worker=65536"
    "memorysetup-temp-allocator-size-cloud-worker=32768"
    "memorysetup-temp-allocator-size-gi-baking-worker=262144"
    "memorysetup-temp-allocator-size-gfx=262144"
Player connection [31012] Host "[IP] 192.168.8.153 [Port] 0 [Flags] 2 [Guid] 107701864 [EditorId] 107701864 [Version] 1048832 [Id] WindowsEditor(7,MayaXian) [Debug] 1 [PackageName] WindowsEditor [ProjectName] Editor" joined multi-casting on [225.0.0.222:54997]...

Player connection [31012] Host "[IP] 192.168.8.153 [Port] 0 [Flags] 2 [Guid] 107701864 [EditorId] 107701864 [Version] 1048832 [Id] WindowsEditor(7,MayaXian) [Debug] 1 [PackageName] WindowsEditor [ProjectName] Editor" joined alternative multi-casting on [225.0.0.222:34997]...

[Physics::Module] Initialized MultithreadedJobDispatcher with 11 workers.
Refreshing native plugins compatible for Editor in 60.16 ms, found 6 plugins.
Preloading 2 native plugins for Editor in 13.01 ms.
Initialize engine version: 2022.3.29f1 (8d510ca76d2b)
[Subsystems] Discovering subsystems at path C:/Program Files/Unity/Hub/Editor/2022.3.29f1/Editor/Data/Resources/UnitySubsystems
[Subsystems] Discovering subsystems at path C:/SLIIT/Y4S1/CTSE/Assignments/Assignment 3/P1/Dinos-CTSE/Assets
GfxDevice: creating device client; threaded=0; jobified=0
Direct3D:
    Version:  Direct3D 11.0 [level 11.1]
    Renderer: AMD Radeon(TM) Graphics (ID=0x164c)
    Vendor:   ATI
    VRAM:     3780 MB
    Driver:   30.0.13044.14002
Initialize mono
Mono path[0] = 'C:/Program Files/Unity/Hub/Editor/2022.3.29f1/Editor/Data/Managed'
Mono path[1] = 'C:/Program Files/Unity/Hub/Editor/2022.3.29f1/Editor/Data/MonoBleedingEdge/lib/mono/unityjit-win32'
Mono config path = 'C:/Program Files/Unity/Hub/Editor/2022.3.29f1/Editor/Data/MonoBleedingEdge/etc'
Using monoOptions --debugger-agent=transport=dt_socket,embedding=1,server=y,suspend=n,address=127.0.0.1:56992
Begin MonoManager ReloadAssembly
Registering precompiled unity dll's ...
Register platform support module: C:/Program Files/Unity/Hub/Editor/2022.3.29f1/Editor/Data/PlaybackEngines/WebGLSupport/UnityEditor.WebGL.Extensions.dll
Register platform support module: C:/Program Files/Unity/Hub/Editor/2022.3.29f1/Editor/Data/PlaybackEngines/AndroidPlayer/UnityEditor.Android.Extensions.dll
Register platform support module: C:/Program Files/Unity/Hub/Editor/2022.3.29f1/Editor/Data/PlaybackEngines/WindowsStandaloneSupport/UnityEditor.WindowsStandalone.Extensions.dll
Registered in 0.027125 seconds.
- Loaded All Assemblies, in  0.993 seconds
Native extension for WindowsStandalone target not found
Native extension for Android target not found
Android Extension - Scanning For ADB Devices 731 ms
Native extension for WebGL target not found
Mono: successfully reloaded assembly
- Finished resetting the current domain, in  1.373 seconds
Domain Reload Profiling: 2364ms
	BeginReloadAssembly (408ms)
		ExecutionOrderSort (0ms)
		DisableScriptedObjects (0ms)
		BackupInstance (0ms)
		ReleaseScriptingObjects (0ms)
		CreateAndSetChildDomain (1ms)
	RebuildCommonClasses (93ms)
	RebuildNativeTypeToScriptingClass (53ms)
	initialDomainReloadingComplete (180ms)
	LoadAllAssembliesAndSetupDomain (256ms)
		LoadAssemblies (407ms)
		RebuildTransferFunctionScriptingTraits (0ms)
		AnalyzeDomain (252ms)
			TypeCache.Refresh (249ms)
				TypeCache.ScanAssembly (226ms)
			ScanForSourceGeneratedMonoScriptInfo (1ms)
			ResolveRequiredComponents (1ms)
	FinalizeReload (1374ms)
		ReleaseScriptCaches (0ms)
		RebuildScriptCaches (0ms)
		SetupLoadedEditorAssemblies (1265ms)
			LogAssemblyErrors (0ms)
			InitializePlatformSupportModulesInManaged (904ms)
			SetLoadedEditorAssemblies (5ms)
			RefreshPlugins (0ms)
			BeforeProcessingInitializeOnLoad (3ms)
			ProcessInitializeOnLoadAttributes (207ms)
			ProcessInitializeOnLoadMethodAttributes (145ms)
			AfterProcessingInitializeOnLoad (0ms)
			EditorAssembliesLoaded (0ms)
		ExecutionOrderSort2 (0ms)
		AwakeInstancesAfterBackupRestoration (0ms)
========================================================================
Worker process is ready to serve import requests
Begin MonoManager ReloadAssembly
- Loaded All Assemblies, in  1.073 seconds
Refreshing native plugins compatible for Editor in 23.71 ms, found 6 plugins.
Native extension for WindowsStandalone target not found
Native extension for Android target not found
Native extension for WebGL target not found
Package Manager log level set to [2]
[Package Manager] Server::EnsureServerProcessIsRunning -- launch failed, reason: Unity was launched with the -noUpm command-line argument
[Package Manager] UpmClient::Send -- Unable to send message (not connected to UPM process).
[Package Manager] Cannot connect to Unity Package Manager local server
Mono: successfully reloaded assembly
- Finished resetting the current domain, in  1.002 seconds
Domain Reload Profiling: 2066ms
	BeginReloadAssembly (167ms)
		ExecutionOrderSort (0ms)
		DisableScriptedObjects (7ms)
		BackupInstance (0ms)
		ReleaseScriptingObjects (0ms)
		CreateAndSetChildDomain (27ms)
	RebuildCommonClasses (35ms)
	RebuildNativeTypeToScriptingClass (13ms)
	initialDomainReloadingComplete (48ms)
	LoadAllAssembliesAndSetupDomain (800ms)
		LoadAssemblies (614ms)
		RebuildTransferFunctionScriptingTraits (0ms)
		AnalyzeDomain (280ms)
			TypeCache.Refresh (250ms)
				TypeCache.ScanAssembly (223ms)
			ScanForSourceGeneratedMonoScriptInfo (19ms)
			ResolveRequiredComponents (9ms)
	FinalizeReload (1003ms)
		ReleaseScriptCaches (0ms)
		RebuildScriptCaches (0ms)
		SetupLoadedEditorAssemblies (768ms)
			LogAssemblyErrors (0ms)
			InitializePlatformSupportModulesInManaged (56ms)
			SetLoadedEditorAssemblies (5ms)
			RefreshPlugins (0ms)
			BeforeProcessingInitializeOnLoad (88ms)
			ProcessInitializeOnLoadAttributes (566ms)
			ProcessInitializeOnLoadMethodAttributes (43ms)
			AfterProcessingInitializeOnLoad (10ms)
			EditorAssembliesLoaded (0ms)
		ExecutionOrderSort2 (0ms)
		AwakeInstancesAfterBackupRestoration (10ms)
Launched and connected shader compiler UnityShaderCompiler.exe after 0.10 seconds
Refreshing native plugins compatible for Editor in 16.35 ms, found 6 plugins.
Preloading 2 native plugins for Editor in 0.13 ms.
Unloading 3164 Unused Serialized files (Serialized files now loaded: 0)
Unloading 57 unused Assets / (103.0 KB). Loaded Objects now: 3929.
Memory consumption went from 139.0 MB to 138.9 MB.
Total: 5.853800 ms (FindLiveObjects: 0.473100 ms CreateObjectMapping: 0.143500 ms MarkObjects: 5.000100 ms  DeleteObjects: 0.235100 ms)

AssetImportParameters requested are different than current active one (requested -> active):
  custom:container-demuxer-ogg: 62fdf1f143b41e24485cea50d1cbac27 -> 
  custom:video-decoder-ogg-theora: a1e56fd34408186e4bbccfd4996cb3dc -> 
  custom:framework-win-MediaFoundation: 216162199b28c13a410421893ffa2e32 -> 
  custom:CustomObjectIndexerAttribute: 9a22284fe3817be447336de3de66b15e -> 
  custom:container-demuxer-webm: 4f35f7cbe854078d1ac9338744f61a02 -> 
  custom:container-muxer-webm: aa71ff27fc2769a1b78a27578f13a17b -> 
  custom:video-decoder-webm-vp8: 9c59270c3fd7afecdb556c50c9e8de78 -> 
  custom:SearchIndexIgnoredProperties: e643bd26f0fe6173181afceb89e7c659 -> 
  custom:AudioImporter_EditorPlatform: d09bf68614088b80899f8185d706f6e7 -> 
  custom:video-encoder-webm-vp8: eb34c28f22e8b96e1ab97ce403110664 -> 
  custom:audio-decoder-ogg-vorbis: bf7c407c2cedff20999df2af8eb42d56 -> 
  custom:audio-encoder-webm-vorbis: bf7c407c2cedff20999df2af8eb42d56 -> 
========================================================================
Received Import Request.
  Time since last request: 198578.996052 seconds.
  path: Assets/FerociousIndustries/PBRDinosaurs/PBRStegasaurus/Audio Clips/Bark1.wav
  artifactKey: Guid(82e1adaaddec22243ac8c155fc1a1763) Importer(815301076,1909f56bfc062723c751e8b465ee728b)
Start importing Assets/FerociousIndustries/PBRDinosaurs/PBRStegasaurus/Audio Clips/Bark1.wav using Guid(82e1adaaddec22243ac8c155fc1a1763) Importer(815301076,1909f56bfc062723c751e8b465ee728b)  -> (artifact id: 'a828dc33162ecd6e3f200ec6f1f1ed3c') in 0.117897 seconds
Number of updated asset objects reloaded before import = 0
Number of asset objects unloaded after import = 2
========================================================================
Received Import Request.
  Time since last request: 0.000050 seconds.
  path: Assets/PBRVelociraptor/Audio Clips/RaptorDeath2.wav
  artifactKey: Guid(655ae2339de0ea14c8adefdcb28e2ffa) Importer(815301076,1909f56bfc062723c751e8b465ee728b)
Start importing Assets/PBRVelociraptor/Audio Clips/RaptorDeath2.wav using Guid(655ae2339de0ea14c8adefdcb28e2ffa) Importer(815301076,1909f56bfc062723c751e8b465ee728b)  -> (artifact id: 'eadbd1581e28d0728e2abeeca9ce1490') in 0.025418 seconds
Number of updated asset objects reloaded before import = 0
Number of asset objects unloaded after import = 2
========================================================================
Received Import Request.
  Time since last request: 0.000361 seconds.
  path: Assets/PBRVelociraptor/Audio Clips/RaptorGrowl1.wav
  artifactKey: Guid(aec8cee1920f8864b97b641df045a030) Importer(815301076,1909f56bfc062723c751e8b465ee728b)
Start importing Assets/PBRVelociraptor/Audio Clips/RaptorGrowl1.wav using Guid(aec8cee1920f8864b97b641df045a030) Importer(815301076,1909f56bfc062723c751e8b465ee728b)  -> (artifact id: '5b355d0118efef9cd711f82cc86593e7') in 0.012769 seconds
Number of updated asset objects reloaded before import = 0
Number of asset objects unloaded after import = 2
========================================================================
Received Import Request.
  Time since last request: 6.280140 seconds.
  path: Assets/PBRVelociraptor/Audio Clips/RaptorRoar1.wav
  artifactKey: Guid(45ee50b23bd6b1a479571694c2b8b723) Importer(815301076,1909f56bfc062723c751e8b465ee728b)
Start importing Assets/PBRVelociraptor/Audio Clips/RaptorRoar1.wav using Guid(45ee50b23bd6b1a479571694c2b8b723) Importer(815301076,1909f56bfc062723c751e8b465ee728b)  -> (artifact id: 'e303a6249efef2d385207c99d6a7dd05') in 0.009761 seconds
Number of updated asset objects reloaded before import = 0
Number of asset objects unloaded after import = 2
========================================================================
Received Import Request.
  Time since last request: 0.397300 seconds.
  path: Assets/PBRVelociraptor/Audio Clips/RaptorRoar4.wav
  artifactKey: Guid(85e806ed8d23b7849ba2529a911fb786) Importer(815301076,1909f56bfc062723c751e8b465ee728b)
Start importing Assets/PBRVelociraptor/Audio Clips/RaptorRoar4.wav using Guid(85e806ed8d23b7849ba2529a911fb786) Importer(815301076,1909f56bfc062723c751e8b465ee728b)  -> (artifact id: '919cd0b8bbba1137325106b4ab16c6ed') in 0.009718 seconds
Number of updated asset objects reloaded before import = 0
Number of asset objects unloaded after import = 2
========================================================================
Received Import Request.
  Time since last request: 0.524469 seconds.
  path: Assets/PBRVelociraptor/Audio Clips/RaptorSniff1.wav
  artifactKey: Guid(50282f33a7fae8643b148f34aeb950df) Importer(815301076,1909f56bfc062723c751e8b465ee728b)
Start importing Assets/PBRVelociraptor/Audio Clips/RaptorSniff1.wav using Guid(50282f33a7fae8643b148f34aeb950df) Importer(815301076,1909f56bfc062723c751e8b465ee728b)  -> (artifact id: '8d3b74a2ab22fa1cee2554ae3cdf451b') in 0.009119 seconds
Number of updated asset objects reloaded before import = 0
Number of asset objects unloaded after import = 2
========================================================================
Received Import Request.
  Time since last request: 0.080709 seconds.
  path: Assets/PBRVelociraptor/Audio Clips/RaptorYelp2.wav
  artifactKey: Guid(413fe8a77180a1140afb58b5b9484824) Importer(815301076,1909f56bfc062723c751e8b465ee728b)
Start importing Assets/PBRVelociraptor/Audio Clips/RaptorYelp2.wav using Guid(413fe8a77180a1140afb58b5b9484824) Importer(815301076,1909f56bfc062723c751e8b465ee728b)  -> (artifact id: 'ad3d2853f248dbeafb0d433cc73fb886') in 0.009162 seconds
Number of updated asset objects reloaded before import = 0
Number of asset objects unloaded after import = 2
========================================================================
Received Import Request.
  Time since last request: 0.412427 seconds.
  path: Assets/FerociousIndustries/PBRDinosaurs/PBRStegasaurus/Audio Clips/Yelp1.wav
  artifactKey: Guid(1dea082d1d805104fb72180ca27c5e4e) Importer(815301076,1909f56bfc062723c751e8b465ee728b)
Start importing Assets/FerociousIndustries/PBRDinosaurs/PBRStegasaurus/Audio Clips/Yelp1.wav using Guid(1dea082d1d805104fb72180ca27c5e4e) Importer(815301076,1909f56bfc062723c751e8b465ee728b)  -> (artifact id: '1ca63f815088cbe96074bcdd879c7448') in 0.025007 seconds
Number of updated asset objects reloaded before import = 0
Number of asset objects unloaded after import = 2
========================================================================
Received Import Request.
  Time since last request: 212.047134 seconds.
  path: Assets/FerociousIndustries/PBRDinosaurs/PBRStegasaurus/Animators/DemoAnimator_Idle.controller
  artifactKey: Guid(39dddd1d55c2e984aba2b7ef7de18346) Importer(815301076,1909f56bfc062723c751e8b465ee728b)
Start importing Assets/FerociousIndustries/PBRDinosaurs/PBRStegasaurus/Animators/DemoAnimator_Idle.controller using Guid(39dddd1d55c2e984aba2b7ef7de18346) Importer(815301076,1909f56bfc062723c751e8b465ee728b)  -> (artifact id: 'dfaf3222f4a2c222a4d098181cfbeecf') in 0.006674 seconds
Number of updated asset objects reloaded before import = 0
Number of asset objects unloaded after import = 17
========================================================================
Received Import Request.
  Time since last request: 43.448667 seconds.
  path: Assets/FerociousIndustries/PBRDinosaurs/PBRStegasaurus/Animators/DemoAnimator_Walk.controller
  artifactKey: Guid(05d1c9125f4deb849a6448b8991bf185) Importer(815301076,1909f56bfc062723c751e8b465ee728b)
Start importing Assets/FerociousIndustries/PBRDinosaurs/PBRStegasaurus/Animators/DemoAnimator_Walk.controller using Guid(05d1c9125f4deb849a6448b8991bf185) Importer(815301076,1909f56bfc062723c751e8b465ee728b)  -> (artifact id: '18ee50696bc1a28c956103ed84a42ae7') in 0.028466 seconds
Number of updated asset objects reloaded before import = 0
Number of asset objects unloaded after import = 4
========================================================================
Received Import Request.
  Time since last request: 1.056709 seconds.
  path: Assets/FerociousIndustries/PBRDinosaurs/PBRStegasaurus/Animators/DemoAnimator_Run.controller
  artifactKey: Guid(d0ca018a14f927a49b83dfb192497ec6) Importer(815301076,1909f56bfc062723c751e8b465ee728b)
Start importing Assets/FerociousIndustries/PBRDinosaurs/PBRStegasaurus/Animators/DemoAnimator_Run.controller using Guid(d0ca018a14f927a49b83dfb192497ec6) Importer(815301076,1909f56bfc062723c751e8b465ee728b)  -> (artifact id: 'ced8370bff22dda13b092fc381aadaaf') in 0.002037 seconds
Number of updated asset objects reloaded before import = 0
Number of asset objects unloaded after import = 4
========================================================================
Received Import Request.
  Time since last request: 44.335754 seconds.
  path: Assets/JC_StylizedRocks_Lite/Prefabs/SM_Rocks_01.prefab
  artifactKey: Guid(46e654c102087004988f6462e5ae7133) Importer(815301076,1909f56bfc062723c751e8b465ee728b)
Start importing Assets/JC_StylizedRocks_Lite/Prefabs/SM_Rocks_01.prefab using Guid(46e654c102087004988f6462e5ae7133) Importer(815301076,1909f56bfc062723c751e8b465ee728b)  -> (artifact id: 'd57e5c42035ba9edcad307b5992dddc3') in 0.519695 seconds
Number of updated asset objects reloaded before import = 0
Number of asset objects unloaded after import = 11
========================================================================
Received Import Request.
  Time since last request: 0.000162 seconds.
  path: Assets/JC_StylizedRocks_Lite/Prefabs/SM_Rocks_04.prefab
  artifactKey: Guid(86509780b07285a44a69b1eb089a3ed1) Importer(815301076,1909f56bfc062723c751e8b465ee728b)
Start importing Assets/JC_StylizedRocks_Lite/Prefabs/SM_Rocks_04.prefab using Guid(86509780b07285a44a69b1eb089a3ed1) Importer(815301076,1909f56bfc062723c751e8b465ee728b)  -> (artifact id: '641f8820b5d8cad44554dc8ff3867f72') in 0.285970 seconds
Number of updated asset objects reloaded before import = 0
Number of asset objects unloaded after import = 11
========================================================================
Received Import Request.
  Time since last request: 157.340811 seconds.
  path: Assets/SampleSceneAssets/Asian Tree Package Vol.1/Source/Materials/Standard/Falling_Leaves/Bambo.mat
  artifactKey: Guid(e16513d8cd60985408f8399c329cf93b) Importer(815301076,1909f56bfc062723c751e8b465ee728b)
Start importing Assets/SampleSceneAssets/Asian Tree Package Vol.1/Source/Materials/Standard/Falling_Leaves/Bambo.mat using Guid(e16513d8cd60985408f8399c329cf93b) Importer(815301076,1909f56bfc062723c751e8b465ee728b)  -> (artifact id: 'a9229e4c78a0e15e7c6845e565a9a36d') in 0.130436 seconds
Number of updated asset objects reloaded before import = 0
Number of asset objects unloaded after import = 2
========================================================================
Received Import Request.
  Time since last request: 86.560833 seconds.
  path: Assets/PBRVelociraptor/Prefabs/Mobile/5K/Raptor_Animated_FBX_5K_Blue.prefab
  artifactKey: Guid(fd03a296e0bd90343baab9c1aa106c37) Importer(815301076,1909f56bfc062723c751e8b465ee728b)
Start importing Assets/PBRVelociraptor/Prefabs/Mobile/5K/Raptor_Animated_FBX_5K_Blue.prefab using Guid(fd03a296e0bd90343baab9c1aa106c37) Importer(815301076,1909f56bfc062723c751e8b465ee728b)  -> (artifact id: '5604c4d9f13342fe4d5de7a7aee9a4ad') in 0.540834 seconds
Number of updated asset objects reloaded before import = 0
Number of asset objects unloaded after import = 269
========================================================================
Received Import Request.
  Time since last request: 0.000048 seconds.
  path: Assets/PBRVelociraptor/Prefabs/Mobile/5K/Raptor_Animated_FBX_5K_Sandmale.prefab
  artifactKey: Guid(1489e285bd7f7b149af4e9737cd26a95) Importer(815301076,1909f56bfc062723c751e8b465ee728b)
Start importing Assets/PBRVelociraptor/Prefabs/Mobile/5K/Raptor_Animated_FBX_5K_Sandmale.prefab using Guid(1489e285bd7f7b149af4e9737cd26a95) Importer(815301076,1909f56bfc062723c751e8b465ee728b)  -> (artifact id: '36b4923b933d2705c66028404fbce0c6') in 0.250546 seconds
Number of updated asset objects reloaded before import = 0
Number of asset objects unloaded after import = 269
========================================================================
Received Import Request.
  Time since last request: 0.000085 seconds.
  path: Assets/PBRVelociraptor/Prefabs/Mobile/5K/Raptor_Animated_FBX_5K_Orange.prefab
  artifactKey: Guid(c9b8ae142009fd946b5989db9c2985ba) Importer(815301076,1909f56bfc062723c751e8b465ee728b)
Start importing Assets/PBRVelociraptor/Prefabs/Mobile/5K/Raptor_Animated_FBX_5K_Orange.prefab using Guid(c9b8ae142009fd946b5989db9c2985ba) Importer(815301076,1909f56bfc062723c751e8b465ee728b)  -> (artifact id: '2d2953f608d7f452506496949609c684') in 0.344868 seconds
Number of updated asset objects reloaded before import = 0
Number of asset objects unloaded after import = 269
Editor requested this worker to shutdown with reason: Scaling down because of idle timeout
TcpMessagingSession - receive error: operation aborted. errorcode: 995, details: The I/O operation has been aborted because of either a thread exit or an application request.
AssetImportWorker is now disconnected from the server
Process exiting
Exiting without the bug reporter. Application will terminate with return code 0