Using pre-set license
Built from '2022.3/staging' branch; Version is '2022.3.29f1 (8d510ca76d2b) revision 9261324'; Using compiler version '192829333'; Build Type 'Release'
OS: 'Windows 11  (10.0.22631) 64bit CoreSingleLanguage' Language: 'en' Physical Memory: 7561 MB
BatchMode: 1, IsHumanControllingUs: 0, StartBugReporterOnCrash: 0, Is64bit: 1, IsPro: 1

COMMAND LINE ARGUMENTS:
C:\Program Files\Unity\Hub\Editor\2022.3.29f1\Editor\Unity.exe
-adb2
-batchMode
-noUpm
-name
AssetImportWorker4
-projectPath
C:/SLIIT/Y4S1/CTSE/Assignments/Assignment 3/P1/Dinos-CTSE
-logFile
Logs/AssetImportWorker4.log
-srvPort
49342
Successfully changed project path to: C:/SLIIT/Y4S1/CTSE/Assignments/Assignment 3/P1/Dinos-CTSE
C:/SLIIT/Y4S1/CTSE/Assignments/Assignment 3/P1/Dinos-CTSE
[UnityMemory] Configuration Parameters - Can be set up in boot.config
    "memorysetup-bucket-allocator-granularity=16"
    "memorysetup-bucket-allocator-bucket-count=8"
    "memorysetup-bucket-allocator-block-size=33554432"
    "memorysetup-bucket-allocator-block-count=8"
    "memorysetup-main-allocator-block-size=16777216"
    "memorysetup-thread-allocator-block-size=16777216"
    "memorysetup-gfx-main-allocator-block-size=16777216"
    "memorysetup-gfx-thread-allocator-block-size=16777216"
    "memorysetup-cache-allocator-block-size=4194304"
    "memorysetup-typetree-allocator-block-size=2097152"
    "memorysetup-profiler-bucket-allocator-granularity=16"
    "memorysetup-profiler-bucket-allocator-bucket-count=8"
    "memorysetup-profiler-bucket-allocator-block-size=33554432"
    "memorysetup-profiler-bucket-allocator-block-count=8"
    "memorysetup-profiler-allocator-block-size=16777216"
    "memorysetup-profiler-editor-allocator-block-size=1048576"
    "memorysetup-temp-allocator-size-main=16777216"
    "memorysetup-job-temp-allocator-block-size=2097152"
    "memorysetup-job-temp-allocator-block-size-background=1048576"
    "memorysetup-job-temp-allocator-reduction-small-platforms=262144"
    "memorysetup-allocator-temp-initial-block-size-main=262144"
    "memorysetup-allocator-temp-initial-block-size-worker=262144"
    "memorysetup-temp-allocator-size-background-worker=32768"
    "memorysetup-temp-allocator-size-job-worker=262144"
    "memorysetup-temp-allocator-size-preload-manager=33554432"
    "memorysetup-temp-allocator-size-nav-mesh-worker=65536"
    "memorysetup-temp-allocator-size-audio-worker=65536"
    "memorysetup-temp-allocator-size-cloud-worker=32768"
    "memorysetup-temp-allocator-size-gi-baking-worker=262144"
    "memorysetup-temp-allocator-size-gfx=262144"
Player connection [40636] Host "[IP] 192.168.8.153 [Port] 0 [Flags] 2 [Guid] 3521255295 [EditorId] 3521255295 [Version] 1048832 [Id] WindowsEditor(7,MayaXian) [Debug] 1 [PackageName] WindowsEditor [ProjectName] Editor" joined multi-casting on [225.0.0.222:54997]...

Player connection [40636] Host "[IP] 192.168.8.153 [Port] 0 [Flags] 2 [Guid] 3521255295 [EditorId] 3521255295 [Version] 1048832 [Id] WindowsEditor(7,MayaXian) [Debug] 1 [PackageName] WindowsEditor [ProjectName] Editor" joined alternative multi-casting on [225.0.0.222:34997]...

[Physics::Module] Initialized MultithreadedJobDispatcher with 11 workers.
Refreshing native plugins compatible for Editor in 109.21 ms, found 6 plugins.
Preloading 2 native plugins for Editor in 14.64 ms.
Initialize engine version: 2022.3.29f1 (8d510ca76d2b)
[Subsystems] Discovering subsystems at path C:/Program Files/Unity/Hub/Editor/2022.3.29f1/Editor/Data/Resources/UnitySubsystems
[Subsystems] Discovering subsystems at path C:/SLIIT/Y4S1/CTSE/Assignments/Assignment 3/P1/Dinos-CTSE/Assets
GfxDevice: creating device client; threaded=0; jobified=0
Direct3D:
    Version:  Direct3D 11.0 [level 11.1]
    Renderer: AMD Radeon(TM) Graphics (ID=0x164c)
    Vendor:   ATI
    VRAM:     3780 MB
    Driver:   30.0.13044.14002
Initialize mono
Mono path[0] = 'C:/Program Files/Unity/Hub/Editor/2022.3.29f1/Editor/Data/Managed'
Mono path[1] = 'C:/Program Files/Unity/Hub/Editor/2022.3.29f1/Editor/Data/MonoBleedingEdge/lib/mono/unityjit-win32'
Mono config path = 'C:/Program Files/Unity/Hub/Editor/2022.3.29f1/Editor/Data/MonoBleedingEdge/etc'
Using monoOptions --debugger-agent=transport=dt_socket,embedding=1,server=y,suspend=n,address=127.0.0.1:56912
Begin MonoManager ReloadAssembly
Registering precompiled unity dll's ...
Register platform support module: C:/Program Files/Unity/Hub/Editor/2022.3.29f1/Editor/Data/PlaybackEngines/WebGLSupport/UnityEditor.WebGL.Extensions.dll
Register platform support module: C:/Program Files/Unity/Hub/Editor/2022.3.29f1/Editor/Data/PlaybackEngines/AndroidPlayer/UnityEditor.Android.Extensions.dll
Register platform support module: C:/Program Files/Unity/Hub/Editor/2022.3.29f1/Editor/Data/PlaybackEngines/WindowsStandaloneSupport/UnityEditor.WindowsStandalone.Extensions.dll
Registered in 0.032825 seconds.
- Loaded All Assemblies, in  1.122 seconds
Native extension for WindowsStandalone target not found
Native extension for Android target not found
Android Extension - Scanning For ADB Devices 949 ms
Native extension for WebGL target not found
Mono: successfully reloaded assembly
- Finished resetting the current domain, in  1.890 seconds
Domain Reload Profiling: 3006ms
	BeginReloadAssembly (391ms)
		ExecutionOrderSort (0ms)
		DisableScriptedObjects (0ms)
		BackupInstance (0ms)
		ReleaseScriptingObjects (0ms)
		CreateAndSetChildDomain (2ms)
	RebuildCommonClasses (89ms)
	RebuildNativeTypeToScriptingClass (26ms)
	initialDomainReloadingComplete (169ms)
	LoadAllAssembliesAndSetupDomain (440ms)
		LoadAssemblies (391ms)
		RebuildTransferFunctionScriptingTraits (0ms)
		AnalyzeDomain (432ms)
			TypeCache.Refresh (428ms)
				TypeCache.ScanAssembly (400ms)
			ScanForSourceGeneratedMonoScriptInfo (1ms)
			ResolveRequiredComponents (1ms)
	FinalizeReload (1890ms)
		ReleaseScriptCaches (0ms)
		RebuildScriptCaches (0ms)
		SetupLoadedEditorAssemblies (1737ms)
			LogAssemblyErrors (0ms)
			InitializePlatformSupportModulesInManaged (1248ms)
			SetLoadedEditorAssemblies (10ms)
			RefreshPlugins (0ms)
			BeforeProcessingInitializeOnLoad (6ms)
			ProcessInitializeOnLoadAttributes (360ms)
			ProcessInitializeOnLoadMethodAttributes (113ms)
			AfterProcessingInitializeOnLoad (0ms)
			EditorAssembliesLoaded (0ms)
		ExecutionOrderSort2 (0ms)
		AwakeInstancesAfterBackupRestoration (0ms)
========================================================================
Worker process is ready to serve import requests
Begin MonoManager ReloadAssembly
- Loaded All Assemblies, in  3.023 seconds
Refreshing native plugins compatible for Editor in 21.72 ms, found 6 plugins.
Native extension for WindowsStandalone target not found
Native extension for Android target not found
Native extension for WebGL target not found
Package Manager log level set to [2]
[Package Manager] Server::EnsureServerProcessIsRunning -- launch failed, reason: Unity was launched with the -noUpm command-line argument
[Package Manager] UpmClient::Send -- Unable to send message (not connected to UPM process).
[Package Manager] Cannot connect to Unity Package Manager local server
Mono: successfully reloaded assembly
- Finished resetting the current domain, in  2.336 seconds
Domain Reload Profiling: 5351ms
	BeginReloadAssembly (535ms)
		ExecutionOrderSort (0ms)
		DisableScriptedObjects (21ms)
		BackupInstance (0ms)
		ReleaseScriptingObjects (0ms)
		CreateAndSetChildDomain (74ms)
	RebuildCommonClasses (113ms)
	RebuildNativeTypeToScriptingClass (40ms)
	initialDomainReloadingComplete (139ms)
	LoadAllAssembliesAndSetupDomain (2187ms)
		LoadAssemblies (1972ms)
		RebuildTransferFunctionScriptingTraits (0ms)
		AnalyzeDomain (525ms)
			TypeCache.Refresh (464ms)
				TypeCache.ScanAssembly (426ms)
			ScanForSourceGeneratedMonoScriptInfo (40ms)
			ResolveRequiredComponents (18ms)
	FinalizeReload (2338ms)
		ReleaseScriptCaches (0ms)
		RebuildScriptCaches (0ms)
		SetupLoadedEditorAssemblies (1906ms)
			LogAssemblyErrors (0ms)
			InitializePlatformSupportModulesInManaged (89ms)
			SetLoadedEditorAssemblies (10ms)
			RefreshPlugins (0ms)
			BeforeProcessingInitializeOnLoad (160ms)
			ProcessInitializeOnLoadAttributes (1546ms)
			ProcessInitializeOnLoadMethodAttributes (78ms)
			AfterProcessingInitializeOnLoad (22ms)
			EditorAssembliesLoaded (1ms)
		ExecutionOrderSort2 (0ms)
		AwakeInstancesAfterBackupRestoration (20ms)
Launched and connected shader compiler UnityShaderCompiler.exe after 0.19 seconds
Refreshing native plugins compatible for Editor in 23.19 ms, found 6 plugins.
Preloading 2 native plugins for Editor in 0.43 ms.
Unloading 3164 Unused Serialized files (Serialized files now loaded: 0)
Unloading 57 unused Assets / (102.9 KB). Loaded Objects now: 3925.
Memory consumption went from 138.3 MB to 138.2 MB.
Total: 7.682300 ms (FindLiveObjects: 0.687300 ms CreateObjectMapping: 0.220800 ms MarkObjects: 6.456100 ms  DeleteObjects: 0.315400 ms)

AssetImportParameters requested are different than current active one (requested -> active):
  custom:container-demuxer-ogg: 62fdf1f143b41e24485cea50d1cbac27 -> 
  custom:video-decoder-ogg-theora: a1e56fd34408186e4bbccfd4996cb3dc -> 
  custom:framework-win-MediaFoundation: 216162199b28c13a410421893ffa2e32 -> 
  custom:CustomObjectIndexerAttribute: 9a22284fe3817be447336de3de66b15e -> 
  custom:container-demuxer-webm: 4f35f7cbe854078d1ac9338744f61a02 -> 
  custom:container-muxer-webm: aa71ff27fc2769a1b78a27578f13a17b -> 
  custom:video-decoder-webm-vp8: 9c59270c3fd7afecdb556c50c9e8de78 -> 
  custom:SearchIndexIgnoredProperties: e643bd26f0fe6173181afceb89e7c659 -> 
  custom:AudioImporter_EditorPlatform: d09bf68614088b80899f8185d706f6e7 -> 
  custom:video-encoder-webm-vp8: eb34c28f22e8b96e1ab97ce403110664 -> 
  custom:audio-decoder-ogg-vorbis: bf7c407c2cedff20999df2af8eb42d56 -> 
  custom:audio-encoder-webm-vorbis: bf7c407c2cedff20999df2af8eb42d56 -> 
========================================================================
Received Import Request.
  Time since last request: 193650.997538 seconds.
  path: Assets/PBRVelociraptor/Audio Clips/RaptorRoar1.wav
  artifactKey: Guid(45ee50b23bd6b1a479571694c2b8b723) Importer(815301076,1909f56bfc062723c751e8b465ee728b)
Start importing Assets/PBRVelociraptor/Audio Clips/RaptorRoar1.wav using Guid(45ee50b23bd6b1a479571694c2b8b723) Importer(815301076,1909f56bfc062723c751e8b465ee728b)  -> (artifact id: 'd34cd28e813b00182d5f3f86f960c81a') in 0.205296 seconds
Number of updated asset objects reloaded before import = 0
Number of asset objects unloaded after import = 2
========================================================================
Received Import Request.
  Time since last request: 0.077938 seconds.
  path: Assets/PBRVelociraptor/Audio Clips/RaptorRoar4.wav
  artifactKey: Guid(85e806ed8d23b7849ba2529a911fb786) Importer(815301076,1909f56bfc062723c751e8b465ee728b)
Start importing Assets/PBRVelociraptor/Audio Clips/RaptorRoar4.wav using Guid(85e806ed8d23b7849ba2529a911fb786) Importer(815301076,1909f56bfc062723c751e8b465ee728b)  -> (artifact id: 'cdbb90268f5bc5110dc688d2aa6dc6c0') in 0.021585 seconds
Number of updated asset objects reloaded before import = 0
Number of asset objects unloaded after import = 2
========================================================================
Received Import Request.
  Time since last request: 0.000041 seconds.
  path: Assets/PBRVelociraptor/Audio Clips/RaptorScreech2.wav
  artifactKey: Guid(b784295d6bcb6ab4bb20714dc9cb2626) Importer(815301076,1909f56bfc062723c751e8b465ee728b)
Start importing Assets/PBRVelociraptor/Audio Clips/RaptorScreech2.wav using Guid(b784295d6bcb6ab4bb20714dc9cb2626) Importer(815301076,1909f56bfc062723c751e8b465ee728b)  -> (artifact id: '6916d4e9751d3a7d5e38e666729f5199') in 0.020619 seconds
Number of updated asset objects reloaded before import = 0
Number of asset objects unloaded after import = 2
========================================================================
Received Import Request.
  Time since last request: 0.028662 seconds.
  path: Assets/PBRVelociraptor/Audio Clips/RaptorSniff1.wav
  artifactKey: Guid(50282f33a7fae8643b148f34aeb950df) Importer(815301076,1909f56bfc062723c751e8b465ee728b)
Start importing Assets/PBRVelociraptor/Audio Clips/RaptorSniff1.wav using Guid(50282f33a7fae8643b148f34aeb950df) Importer(815301076,1909f56bfc062723c751e8b465ee728b)  -> (artifact id: '3188096cfdbfbaa2ff7d83586aaaadd4') in 0.020515 seconds
Number of updated asset objects reloaded before import = 0
Number of asset objects unloaded after import = 2
========================================================================
Received Import Request.
  Time since last request: 0.000049 seconds.
  path: Assets/PBRVelociraptor/Audio Clips/RaptorYelp1.wav
  artifactKey: Guid(553db0fb9205d254f96e8b4f684944dd) Importer(815301076,1909f56bfc062723c751e8b465ee728b)
Start importing Assets/PBRVelociraptor/Audio Clips/RaptorYelp1.wav using Guid(553db0fb9205d254f96e8b4f684944dd) Importer(815301076,1909f56bfc062723c751e8b465ee728b)  -> (artifact id: 'cd950ae4fbb0a69029b108f3754d30d2') in 0.020028 seconds
Number of updated asset objects reloaded before import = 0
Number of asset objects unloaded after import = 2
========================================================================
Received Import Request.
  Time since last request: 0.016654 seconds.
  path: Assets/PBRVelociraptor/Audio Clips/RaptorYelp2.wav
  artifactKey: Guid(413fe8a77180a1140afb58b5b9484824) Importer(815301076,1909f56bfc062723c751e8b465ee728b)
Start importing Assets/PBRVelociraptor/Audio Clips/RaptorYelp2.wav using Guid(413fe8a77180a1140afb58b5b9484824) Importer(815301076,1909f56bfc062723c751e8b465ee728b)  -> (artifact id: 'cade94446aefc7c016aff500759472d1') in 0.019642 seconds
Number of updated asset objects reloaded before import = 0
Number of asset objects unloaded after import = 2
========================================================================
Received Import Request.
  Time since last request: 0.000034 seconds.
  path: Assets/FerociousIndustries/PBRDinosaurs/PBRStegasaurus/Audio Clips/Roar2.wav
  artifactKey: Guid(6291226f03ede1640831fc68106b7990) Importer(815301076,1909f56bfc062723c751e8b465ee728b)
Start importing Assets/FerociousIndustries/PBRDinosaurs/PBRStegasaurus/Audio Clips/Roar2.wav using Guid(6291226f03ede1640831fc68106b7990) Importer(815301076,1909f56bfc062723c751e8b465ee728b)  -> (artifact id: '185a56c7c8560179ae6751c59bff3bc7') in 0.024460 seconds
Number of updated asset objects reloaded before import = 0
Number of asset objects unloaded after import = 2
========================================================================
Received Prepare
Begin MonoManager ReloadAssembly
- Loaded All Assemblies, in  1.203 seconds
Refreshing native plugins compatible for Editor in 23.19 ms, found 6 plugins.
Native extension for WindowsStandalone target not found
Native extension for Android target not found
Native extension for WebGL target not found
[Package Manager] Server::EnsureServerProcessIsRunning -- launch failed, reason: Unity was launched with the -noUpm command-line argument
[Package Manager] UpmClient::Send -- Unable to send message (not connected to UPM process).
[Package Manager] Cannot connect to Unity Package Manager local server
Mono: successfully reloaded assembly
- Finished resetting the current domain, in  2.885 seconds
Domain Reload Profiling: 4081ms
	BeginReloadAssembly (392ms)
		ExecutionOrderSort (0ms)
		DisableScriptedObjects (20ms)
		BackupInstance (0ms)
		ReleaseScriptingObjects (0ms)
		CreateAndSetChildDomain (92ms)
	RebuildCommonClasses (72ms)
	RebuildNativeTypeToScriptingClass (25ms)
	initialDomainReloadingComplete (83ms)
	LoadAllAssembliesAndSetupDomain (622ms)
		LoadAssemblies (808ms)
		RebuildTransferFunctionScriptingTraits (0ms)
		AnalyzeDomain (29ms)
			TypeCache.Refresh (11ms)
				TypeCache.ScanAssembly (0ms)
			ScanForSourceGeneratedMonoScriptInfo (0ms)
			ResolveRequiredComponents (16ms)
	FinalizeReload (2887ms)
		ReleaseScriptCaches (0ms)
		RebuildScriptCaches (0ms)
		SetupLoadedEditorAssemblies (1032ms)
			LogAssemblyErrors (0ms)
			InitializePlatformSupportModulesInManaged (78ms)
			SetLoadedEditorAssemblies (10ms)
			RefreshPlugins (0ms)
			BeforeProcessingInitializeOnLoad (150ms)
			ProcessInitializeOnLoadAttributes (729ms)
			ProcessInitializeOnLoadMethodAttributes (50ms)
			AfterProcessingInitializeOnLoad (14ms)
			EditorAssembliesLoaded (0ms)
		ExecutionOrderSort2 (0ms)
		AwakeInstancesAfterBackupRestoration (14ms)
Refreshing native plugins compatible for Editor in 27.19 ms, found 6 plugins.
Preloading 2 native plugins for Editor in 0.48 ms.
Unloading 3124 Unused Serialized files (Serialized files now loaded: 0)
Unloading 48 unused Assets / (74.9 KB). Loaded Objects now: 3937.
Memory consumption went from 128.2 MB to 128.2 MB.
Total: 11.080800 ms (FindLiveObjects: 0.498900 ms CreateObjectMapping: 0.271400 ms MarkObjects: 9.960900 ms  DeleteObjects: 0.346200 ms)

Prepare: number of updated asset objects reloaded= 0
AssetImportParameters requested are different than current active one (requested -> active):
  custom:container-demuxer-ogg: 62fdf1f143b41e24485cea50d1cbac27 -> 
  custom:video-decoder-ogg-theora: a1e56fd34408186e4bbccfd4996cb3dc -> 
  custom:framework-win-MediaFoundation: 216162199b28c13a410421893ffa2e32 -> 
  custom:CustomObjectIndexerAttribute: 9a22284fe3817be447336de3de66b15e -> 
  custom:container-demuxer-webm: 4f35f7cbe854078d1ac9338744f61a02 -> 
  custom:container-muxer-webm: aa71ff27fc2769a1b78a27578f13a17b -> 
  custom:video-decoder-webm-vp8: 9c59270c3fd7afecdb556c50c9e8de78 -> 
  custom:SearchIndexIgnoredProperties: e643bd26f0fe6173181afceb89e7c659 -> 
  custom:AudioImporter_EditorPlatform: d09bf68614088b80899f8185d706f6e7 -> 
  custom:video-encoder-webm-vp8: eb34c28f22e8b96e1ab97ce403110664 -> 
  custom:audio-decoder-ogg-vorbis: bf7c407c2cedff20999df2af8eb42d56 -> 
  custom:audio-encoder-webm-vorbis: bf7c407c2cedff20999df2af8eb42d56 -> 
========================================================================
Received Import Request.
  Time since last request: 88.628378 seconds.
  path: Assets/FerociousIndustries/PBRDinosaurs/PBRStegasaurus/Prefabs/LODG/Stegasaurus_Blue.prefab
  artifactKey: Guid(56ac0765924ce6043b225373d6a47c76) Importer(815301076,1909f56bfc062723c751e8b465ee728b)
Start importing Assets/FerociousIndustries/PBRDinosaurs/PBRStegasaurus/Prefabs/LODG/Stegasaurus_Blue.prefab using Guid(56ac0765924ce6043b225373d6a47c76) Importer(815301076,1909f56bfc062723c751e8b465ee728b)  -> (artifact id: 'b99475c40786b157099d057c73f4dd81') in 0.498689 seconds
Number of updated asset objects reloaded before import = 0
Number of asset objects unloaded after import = 172
========================================================================
Received Import Request.
  Time since last request: 0.000077 seconds.
  path: Assets/FerociousIndustries/PBRDinosaurs/PBRStegasaurus/Prefabs/LODG/Stegasaurus_Green2.prefab
  artifactKey: Guid(098ceca6a8194a1479fbd4586f8f0735) Importer(815301076,1909f56bfc062723c751e8b465ee728b)
Start importing Assets/FerociousIndustries/PBRDinosaurs/PBRStegasaurus/Prefabs/LODG/Stegasaurus_Green2.prefab using Guid(098ceca6a8194a1479fbd4586f8f0735) Importer(815301076,1909f56bfc062723c751e8b465ee728b)  -> (artifact id: '3cda59fa95da1d45efb8da2cdcf3fe35') in 0.215128 seconds
Number of updated asset objects reloaded before import = 0
Number of asset objects unloaded after import = 168
========================================================================
Received Import Request.
  Time since last request: 0.000066 seconds.
  path: Assets/FerociousIndustries/PBRDinosaurs/PBRStegasaurus/Prefabs/LODG/Stegasaurus_Yellow.prefab
  artifactKey: Guid(ea7223548caf1984193a4970bcc4317b) Importer(815301076,1909f56bfc062723c751e8b465ee728b)
Start importing Assets/FerociousIndustries/PBRDinosaurs/PBRStegasaurus/Prefabs/LODG/Stegasaurus_Yellow.prefab using Guid(ea7223548caf1984193a4970bcc4317b) Importer(815301076,1909f56bfc062723c751e8b465ee728b)  -> (artifact id: '539fa1d67730ac1ecfba4021752a22f0') in 0.240122 seconds
Number of updated asset objects reloaded before import = 0
Number of asset objects unloaded after import = 168
========================================================================
Received Import Request.
  Time since last request: 0.000056 seconds.
  path: Assets/FerociousIndustries/PBRDinosaurs/PBRStegasaurus/Prefabs/LODG/Stegasaurus_Grey.prefab
  artifactKey: Guid(7901a67c44755714686792b6e0deeebc) Importer(815301076,1909f56bfc062723c751e8b465ee728b)
Start importing Assets/FerociousIndustries/PBRDinosaurs/PBRStegasaurus/Prefabs/LODG/Stegasaurus_Grey.prefab using Guid(7901a67c44755714686792b6e0deeebc) Importer(815301076,1909f56bfc062723c751e8b465ee728b)  -> (artifact id: 'a056e0d08d05b310a9193cbbd07f87ca') in 0.172985 seconds
Number of updated asset objects reloaded before import = 0
Number of asset objects unloaded after import = 177
========================================================================
Received Import Request.
  Time since last request: 81.146804 seconds.
  path: Assets/SampleSceneAssets/Asian Tree Package Vol.1/Documentation.pdf
  artifactKey: Guid(234bb2bbdf5ebb6478349a168108b7da) Importer(815301076,1909f56bfc062723c751e8b465ee728b)
Start importing Assets/SampleSceneAssets/Asian Tree Package Vol.1/Documentation.pdf using Guid(234bb2bbdf5ebb6478349a168108b7da) Importer(815301076,1909f56bfc062723c751e8b465ee728b)  -> (artifact id: 'ff57cdea344d0ddedd155c574e7ece16') in 0.002477 seconds
Number of updated asset objects reloaded before import = 0
Number of asset objects unloaded after import = 1
========================================================================
Received Import Request.
  Time since last request: 23.255574 seconds.
  path: Assets/SampleSceneAssets/Asian Tree Package Vol.1/Prefabs
  artifactKey: Guid(a295cc8cbb343cd4dab6f13014ebc613) Importer(815301076,1909f56bfc062723c751e8b465ee728b)
Start importing Assets/SampleSceneAssets/Asian Tree Package Vol.1/Prefabs using Guid(a295cc8cbb343cd4dab6f13014ebc613) Importer(815301076,1909f56bfc062723c751e8b465ee728b)  -> (artifact id: 'bf47ef55dee7b16b17c5f41cda1b6d36') in 0.001174 seconds
Number of updated asset objects reloaded before import = 0
Number of asset objects unloaded after import = 0
========================================================================
Received Import Request.
  Time since last request: 1.873931 seconds.
  path: Assets/SampleSceneAssets/Asian Tree Package Vol.1/Prefabs/Standard
  artifactKey: Guid(d407af66ee4748b4594651e51282d306) Importer(815301076,1909f56bfc062723c751e8b465ee728b)
Start importing Assets/SampleSceneAssets/Asian Tree Package Vol.1/Prefabs/Standard using Guid(d407af66ee4748b4594651e51282d306) Importer(815301076,1909f56bfc062723c751e8b465ee728b)  -> (artifact id: 'a0089888f8cd6dd3b96dd9d84e899ea6') in 0.001122 seconds
Number of updated asset objects reloaded before import = 0
Number of asset objects unloaded after import = 0
========================================================================
Received Import Request.
  Time since last request: 0.064092 seconds.
  path: Assets/SampleSceneAssets/Asian Tree Package Vol.1/Prefabs/Standard/Bambo_1.prefab
  artifactKey: Guid(befa30722f752bf46985765e517c656b) Importer(815301076,1909f56bfc062723c751e8b465ee728b)
Start importing Assets/SampleSceneAssets/Asian Tree Package Vol.1/Prefabs/Standard/Bambo_1.prefab using Guid(befa30722f752bf46985765e517c656b) Importer(815301076,1909f56bfc062723c751e8b465ee728b)  -> (artifact id: 'c2c95e56131e6e57ddf8c9a70c9a0c7a') in 1.170090 seconds
Number of updated asset objects reloaded before import = 0
Number of asset objects unloaded after import = 42
========================================================================
Received Import Request.
  Time since last request: 0.000109 seconds.
  path: Assets/SampleSceneAssets/Asian Tree Package Vol.1/Prefabs/Standard/Bonsai_Angled.prefab
  artifactKey: Guid(1ca91650241972d4d82c91a1581e85ec) Importer(815301076,1909f56bfc062723c751e8b465ee728b)
Start importing Assets/SampleSceneAssets/Asian Tree Package Vol.1/Prefabs/Standard/Bonsai_Angled.prefab using Guid(1ca91650241972d4d82c91a1581e85ec) Importer(815301076,1909f56bfc062723c751e8b465ee728b)  -> (artifact id: 'd54b925be10ec911ebe8cad7d4f7eff1') in 0.108534 seconds
Number of updated asset objects reloaded before import = 0
Number of asset objects unloaded after import = 40
========================================================================
Received Import Request.
  Time since last request: 0.000091 seconds.
  path: Assets/SampleSceneAssets/Asian Tree Package Vol.1/Prefabs/Standard/Cherry_Blossom_Spars.prefab
  artifactKey: Guid(de3cfb09bc7a2b641866ae718f3d51bd) Importer(815301076,1909f56bfc062723c751e8b465ee728b)
Start importing Assets/SampleSceneAssets/Asian Tree Package Vol.1/Prefabs/Standard/Cherry_Blossom_Spars.prefab using Guid(de3cfb09bc7a2b641866ae718f3d51bd) Importer(815301076,1909f56bfc062723c751e8b465ee728b)  -> (artifact id: 'e0bb0ec735f74e24de94be1b137da2bd') in 0.128802 seconds
Number of updated asset objects reloaded before import = 0
Number of asset objects unloaded after import = 42
========================================================================
Received Import Request.
  Time since last request: 0.000052 seconds.
  path: Assets/SampleSceneAssets/Asian Tree Package Vol.1/Prefabs/Standard/Basic_4.prefab
  artifactKey: Guid(63ca33012ef00ae448e8a29f4857e2b9) Importer(815301076,1909f56bfc062723c751e8b465ee728b)
Start importing Assets/SampleSceneAssets/Asian Tree Package Vol.1/Prefabs/Standard/Basic_4.prefab using Guid(63ca33012ef00ae448e8a29f4857e2b9) Importer(815301076,1909f56bfc062723c751e8b465ee728b)  -> (artifact id: '23a15be2e2955a43d85e57be7d9a2214') in 0.115505 seconds
Number of updated asset objects reloaded before import = 0
Number of asset objects unloaded after import = 41
========================================================================
Received Import Request.
  Time since last request: 0.000051 seconds.
  path: Assets/SampleSceneAssets/Asian Tree Package Vol.1/Prefabs/Standard/Bambo_Group_1.prefab
  artifactKey: Guid(7a68548db1b1c484bbe6c4bb5e3c7dce) Importer(815301076,1909f56bfc062723c751e8b465ee728b)
Start importing Assets/SampleSceneAssets/Asian Tree Package Vol.1/Prefabs/Standard/Bambo_Group_1.prefab using Guid(7a68548db1b1c484bbe6c4bb5e3c7dce) Importer(815301076,1909f56bfc062723c751e8b465ee728b)  -> (artifact id: 'd3957b5109cdcc299872123dcf70b688') in 0.051327 seconds
Number of updated asset objects reloaded before import = 0
Number of asset objects unloaded after import = 42
========================================================================
Received Import Request.
  Time since last request: 0.000062 seconds.
  path: Assets/SampleSceneAssets/Asian Tree Package Vol.1/Prefabs/Standard/Basic_1.prefab
  artifactKey: Guid(160ed48721b4ce34dacc4dd20f15a959) Importer(815301076,1909f56bfc062723c751e8b465ee728b)
Start importing Assets/SampleSceneAssets/Asian Tree Package Vol.1/Prefabs/Standard/Basic_1.prefab using Guid(160ed48721b4ce34dacc4dd20f15a959) Importer(815301076,1909f56bfc062723c751e8b465ee728b)  -> (artifact id: '15c87f01e25701114c1b894d51fd79fa') in 0.068269 seconds
Number of updated asset objects reloaded before import = 0
Number of asset objects unloaded after import = 39
========================================================================
Received Import Request.
  Time since last request: 0.000053 seconds.
  path: Assets/SampleSceneAssets/Asian Tree Package Vol.1/Prefabs/Standard/Bonsai_Big.prefab
  artifactKey: Guid(0e1b8b539d7760e46b9705a2d957f042) Importer(815301076,1909f56bfc062723c751e8b465ee728b)
Start importing Assets/SampleSceneAssets/Asian Tree Package Vol.1/Prefabs/Standard/Bonsai_Big.prefab using Guid(0e1b8b539d7760e46b9705a2d957f042) Importer(815301076,1909f56bfc062723c751e8b465ee728b)  -> (artifact id: '6af61481d085183e6b5888ee3a169536') in 0.082346 seconds
Number of updated asset objects reloaded before import = 0
Number of asset objects unloaded after import = 42
========================================================================
Received Import Request.
  Time since last request: 0.000038 seconds.
  path: Assets/SampleSceneAssets/Asian Tree Package Vol.1/Prefabs/Standard/Bambo_Group_2.prefab
  artifactKey: Guid(64b56ab232ba9174898952b5feef26ff) Importer(815301076,1909f56bfc062723c751e8b465ee728b)
Start importing Assets/SampleSceneAssets/Asian Tree Package Vol.1/Prefabs/Standard/Bambo_Group_2.prefab using Guid(64b56ab232ba9174898952b5feef26ff) Importer(815301076,1909f56bfc062723c751e8b465ee728b)  -> (artifact id: '80a158c0c21ff0ce5422065162785e36') in 0.057627 seconds
Number of updated asset objects reloaded before import = 0
Number of asset objects unloaded after import = 42
========================================================================
Received Import Request.
  Time since last request: 0.000052 seconds.
  path: Assets/SampleSceneAssets/Asian Tree Package Vol.1/Prefabs/Standard/Bonsai.prefab
  artifactKey: Guid(b9777067c15b5c64a9afcbcaddda6b92) Importer(815301076,1909f56bfc062723c751e8b465ee728b)
Start importing Assets/SampleSceneAssets/Asian Tree Package Vol.1/Prefabs/Standard/Bonsai.prefab using Guid(b9777067c15b5c64a9afcbcaddda6b92) Importer(815301076,1909f56bfc062723c751e8b465ee728b)  -> (artifact id: 'e16abab2ec06b42bdc61ff8b4e57d767') in 0.077981 seconds
Number of updated asset objects reloaded before import = 0
Number of asset objects unloaded after import = 42
========================================================================
Received Import Request.
  Time since last request: 0.000066 seconds.
  path: Assets/SampleSceneAssets/Asian Tree Package Vol.1/Prefabs/Standard/Maple_Tree.prefab
  artifactKey: Guid(823b4b172f2e8124fbc67fc4d437cb15) Importer(815301076,1909f56bfc062723c751e8b465ee728b)
Start importing Assets/SampleSceneAssets/Asian Tree Package Vol.1/Prefabs/Standard/Maple_Tree.prefab using Guid(823b4b172f2e8124fbc67fc4d437cb15) Importer(815301076,1909f56bfc062723c751e8b465ee728b)  -> (artifact id: '7c0fbd4bf67a0138cd7313694f5d7365') in 0.077072 seconds
Number of updated asset objects reloaded before import = 0
Number of asset objects unloaded after import = 42
========================================================================
Received Import Request.
  Time since last request: 0.129430 seconds.
  path: Assets/SampleSceneAssets/Asian Tree Package Vol.1/Source/Materials/Standard/Falling_Leaves/Bambo.mat
  artifactKey: Guid(e16513d8cd60985408f8399c329cf93b) Importer(815301076,1909f56bfc062723c751e8b465ee728b)
Start importing Assets/SampleSceneAssets/Asian Tree Package Vol.1/Source/Materials/Standard/Falling_Leaves/Bambo.mat using Guid(e16513d8cd60985408f8399c329cf93b) Importer(815301076,1909f56bfc062723c751e8b465ee728b)  -> (artifact id: '7494a6ce50ba7cb2b324ba8c5fa7df30') in 0.076484 seconds
Number of updated asset objects reloaded before import = 0
Number of asset objects unloaded after import = 2
========================================================================
Received Import Request.
  Time since last request: 8.246422 seconds.
  path: Assets/SampleSceneAssets/Asian Tree Package Vol.1/Source/Materials/Standard/Falling_Leaves/Blossom.mat
  artifactKey: Guid(3595e18646bd0614aa46093cc5182af2) Importer(815301076,1909f56bfc062723c751e8b465ee728b)
Start importing Assets/SampleSceneAssets/Asian Tree Package Vol.1/Source/Materials/Standard/Falling_Leaves/Blossom.mat using Guid(3595e18646bd0614aa46093cc5182af2) Importer(815301076,1909f56bfc062723c751e8b465ee728b)  -> (artifact id: 'aedaeafed62ebf2d8bc0b090b102dc89') in 0.032292 seconds
Number of updated asset objects reloaded before import = 0
Number of asset objects unloaded after import = 3
========================================================================
Received Prepare
Begin MonoManager ReloadAssembly
- Loaded All Assemblies, in  1.117 seconds
Refreshing native plugins compatible for Editor in 22.70 ms, found 6 plugins.
Native extension for WindowsStandalone target not found
Native extension for Android target not found
Native extension for WebGL target not found
[Package Manager] Server::EnsureServerProcessIsRunning -- launch failed, reason: Unity was launched with the -noUpm command-line argument
[Package Manager] UpmClient::Send -- Unable to send message (not connected to UPM process).
[Package Manager] Cannot connect to Unity Package Manager local server
Mono: successfully reloaded assembly
- Finished resetting the current domain, in  2.263 seconds
Domain Reload Profiling: 3373ms
	BeginReloadAssembly (338ms)
		ExecutionOrderSort (0ms)
		DisableScriptedObjects (10ms)
		BackupInstance (0ms)
		ReleaseScriptingObjects (0ms)
		CreateAndSetChildDomain (73ms)
	RebuildCommonClasses (89ms)
	RebuildNativeTypeToScriptingClass (27ms)
	initialDomainReloadingComplete (71ms)
	LoadAllAssembliesAndSetupDomain (584ms)
		LoadAssemblies (747ms)
		RebuildTransferFunctionScriptingTraits (0ms)
		AnalyzeDomain (38ms)
			TypeCache.Refresh (11ms)
				TypeCache.ScanAssembly (0ms)
			ScanForSourceGeneratedMonoScriptInfo (0ms)
			ResolveRequiredComponents (24ms)
	FinalizeReload (2264ms)
		ReleaseScriptCaches (0ms)
		RebuildScriptCaches (0ms)
		SetupLoadedEditorAssemblies (980ms)
			LogAssemblyErrors (0ms)
			InitializePlatformSupportModulesInManaged (55ms)
			SetLoadedEditorAssemblies (8ms)
			RefreshPlugins (0ms)
			BeforeProcessingInitializeOnLoad (133ms)
			ProcessInitializeOnLoadAttributes (724ms)
			ProcessInitializeOnLoadMethodAttributes (45ms)
			AfterProcessingInitializeOnLoad (15ms)
			EditorAssembliesLoaded (0ms)
		ExecutionOrderSort2 (0ms)
		AwakeInstancesAfterBackupRestoration (17ms)
Refreshing native plugins compatible for Editor in 30.69 ms, found 6 plugins.
Preloading 2 native plugins for Editor in 0.21 ms.
Unloading 3124 Unused Serialized files (Serialized files now loaded: 0)
Unloading 48 unused Assets / (74.9 KB). Loaded Objects now: 3974.
Memory consumption went from 130.3 MB to 130.2 MB.
Total: 8.495500 ms (FindLiveObjects: 0.946000 ms CreateObjectMapping: 0.347300 ms MarkObjects: 6.715700 ms  DeleteObjects: 0.481300 ms)

Prepare: number of updated asset objects reloaded= 0
AssetImportParameters requested are different than current active one (requested -> active):
  custom:container-demuxer-ogg: 62fdf1f143b41e24485cea50d1cbac27 -> 
  custom:video-decoder-ogg-theora: a1e56fd34408186e4bbccfd4996cb3dc -> 
  custom:framework-win-MediaFoundation: 216162199b28c13a410421893ffa2e32 -> 
  custom:CustomObjectIndexerAttribute: 9a22284fe3817be447336de3de66b15e -> 
  custom:container-demuxer-webm: 4f35f7cbe854078d1ac9338744f61a02 -> 
  custom:container-muxer-webm: aa71ff27fc2769a1b78a27578f13a17b -> 
  custom:video-decoder-webm-vp8: 9c59270c3fd7afecdb556c50c9e8de78 -> 
  custom:SearchIndexIgnoredProperties: e643bd26f0fe6173181afceb89e7c659 -> 
  custom:AudioImporter_EditorPlatform: d09bf68614088b80899f8185d706f6e7 -> 
  custom:video-encoder-webm-vp8: eb34c28f22e8b96e1ab97ce403110664 -> 
  custom:audio-decoder-ogg-vorbis: bf7c407c2cedff20999df2af8eb42d56 -> 
  custom:audio-encoder-webm-vorbis: bf7c407c2cedff20999df2af8eb42d56 -> 
========================================================================
Received Import Request.
  Time since last request: 167.190926 seconds.
  path: Assets/FerociousIndustries/PBRDinosaurs/PBRStegasaurus/Animators/DemoAnimator_Combat.controller
  artifactKey: Guid(621f9da908778ac46a68315e424911b6) Importer(815301076,1909f56bfc062723c751e8b465ee728b)
Start importing Assets/FerociousIndustries/PBRDinosaurs/PBRStegasaurus/Animators/DemoAnimator_Combat.controller using Guid(621f9da908778ac46a68315e424911b6) Importer(815301076,1909f56bfc062723c751e8b465ee728b)  -> (artifact id: '1b4a2321dda70b4d19d42a3c2522a8fd') in 0.034147 seconds
Number of updated asset objects reloaded before import = 0
Number of asset objects unloaded after import = 13
========================================================================
Received Import Request.
  Time since last request: 4.529051 seconds.
  path: Assets/FerociousIndustries/PBRDinosaurs/PBRStegasaurus/Animators/DemoAnimator_Attacks.controller
  artifactKey: Guid(95c06ddda4158a74485da49d754390b0) Importer(815301076,1909f56bfc062723c751e8b465ee728b)
Start importing Assets/FerociousIndustries/PBRDinosaurs/PBRStegasaurus/Animators/DemoAnimator_Attacks.controller using Guid(95c06ddda4158a74485da49d754390b0) Importer(815301076,1909f56bfc062723c751e8b465ee728b)  -> (artifact id: 'f68ecd5acea168bef13a9b6d49b8cbe6') in 0.014296 seconds
Number of updated asset objects reloaded before import = 0
Number of asset objects unloaded after import = 8
========================================================================
Received Prepare
Begin MonoManager ReloadAssembly
- Loaded All Assemblies, in  1.129 seconds
Refreshing native plugins compatible for Editor in 17.19 ms, found 6 plugins.
Native extension for WindowsStandalone target not found
Native extension for Android target not found
Native extension for WebGL target not found
[Package Manager] Server::EnsureServerProcessIsRunning -- launch failed, reason: Unity was launched with the -noUpm command-line argument
[Package Manager] UpmClient::Send -- Unable to send message (not connected to UPM process).
[Package Manager] Cannot connect to Unity Package Manager local server
Mono: successfully reloaded assembly
- Finished resetting the current domain, in  2.905 seconds
Domain Reload Profiling: 4028ms
	BeginReloadAssembly (392ms)
		ExecutionOrderSort (0ms)
		DisableScriptedObjects (11ms)
		BackupInstance (0ms)
		ReleaseScriptingObjects (0ms)
		CreateAndSetChildDomain (87ms)
	RebuildCommonClasses (71ms)
	RebuildNativeTypeToScriptingClass (29ms)
	initialDomainReloadingComplete (71ms)
	LoadAllAssembliesAndSetupDomain (558ms)
		LoadAssemblies (742ms)
		RebuildTransferFunctionScriptingTraits (0ms)
		AnalyzeDomain (29ms)
			TypeCache.Refresh (10ms)
				TypeCache.ScanAssembly (0ms)
			ScanForSourceGeneratedMonoScriptInfo (0ms)
			ResolveRequiredComponents (17ms)
	FinalizeReload (2907ms)
		ReleaseScriptCaches (0ms)
		RebuildScriptCaches (0ms)
		SetupLoadedEditorAssemblies (1275ms)
			LogAssemblyErrors (0ms)
			InitializePlatformSupportModulesInManaged (85ms)
			SetLoadedEditorAssemblies (9ms)
			RefreshPlugins (0ms)
			BeforeProcessingInitializeOnLoad (149ms)
			ProcessInitializeOnLoadAttributes (940ms)
			ProcessInitializeOnLoadMethodAttributes (71ms)
			AfterProcessingInitializeOnLoad (21ms)
			EditorAssembliesLoaded (1ms)
		ExecutionOrderSort2 (0ms)
		AwakeInstancesAfterBackupRestoration (21ms)
Refreshing native plugins compatible for Editor in 55.07 ms, found 6 plugins.
Preloading 2 native plugins for Editor in 0.44 ms.
Unloading 3124 Unused Serialized files (Serialized files now loaded: 0)
Unloading 48 unused Assets / (74.9 KB). Loaded Objects now: 3977.
Memory consumption went from 130.3 MB to 130.2 MB.
Total: 10.479600 ms (FindLiveObjects: 0.691300 ms CreateObjectMapping: 0.490900 ms MarkObjects: 8.951200 ms  DeleteObjects: 0.342300 ms)

Prepare: number of updated asset objects reloaded= 0
AssetImportParameters requested are different than current active one (requested -> active):
  custom:container-demuxer-ogg: 62fdf1f143b41e24485cea50d1cbac27 -> 
  custom:video-decoder-ogg-theora: a1e56fd34408186e4bbccfd4996cb3dc -> 
  custom:framework-win-MediaFoundation: 216162199b28c13a410421893ffa2e32 -> 
  custom:CustomObjectIndexerAttribute: 9a22284fe3817be447336de3de66b15e -> 
  custom:container-demuxer-webm: 4f35f7cbe854078d1ac9338744f61a02 -> 
  custom:container-muxer-webm: aa71ff27fc2769a1b78a27578f13a17b -> 
  custom:video-decoder-webm-vp8: 9c59270c3fd7afecdb556c50c9e8de78 -> 
  custom:SearchIndexIgnoredProperties: e643bd26f0fe6173181afceb89e7c659 -> 
  custom:AudioImporter_EditorPlatform: d09bf68614088b80899f8185d706f6e7 -> 
  custom:video-encoder-webm-vp8: eb34c28f22e8b96e1ab97ce403110664 -> 
  custom:audio-decoder-ogg-vorbis: bf7c407c2cedff20999df2af8eb42d56 -> 
  custom:audio-encoder-webm-vorbis: bf7c407c2cedff20999df2af8eb42d56 -> 
========================================================================
Received Import Request.
  Time since last request: 432.031036 seconds.
  path: Assets/BloodDecalsAndEffects/BloodGushFX
  artifactKey: Guid(c7f29bc7dd0ae8042a82757c9358baeb) Importer(815301076,1909f56bfc062723c751e8b465ee728b)
Start importing Assets/BloodDecalsAndEffects/BloodGushFX using Guid(c7f29bc7dd0ae8042a82757c9358baeb) Importer(815301076,1909f56bfc062723c751e8b465ee728b)  -> (artifact id: '4d968dfcf3e5b3e35efbed9d46afa95a') in 0.016953 seconds
Number of updated asset objects reloaded before import = 0
Number of asset objects unloaded after import = 0
========================================================================
Received Import Request.
  Time since last request: 0.037836 seconds.
  path: Assets/BloodDecalsAndEffects/BloodGushFX/BloodSprayFX.prefab
  artifactKey: Guid(d32aa916f50cac94db11e6f19821a58f) Importer(815301076,1909f56bfc062723c751e8b465ee728b)
Start importing Assets/BloodDecalsAndEffects/BloodGushFX/BloodSprayFX.prefab using Guid(d32aa916f50cac94db11e6f19821a58f) Importer(815301076,1909f56bfc062723c751e8b465ee728b)  -> (artifact id: 'fbbaba79837c0ede2ffb84a3d0438366') in 0.257412 seconds
Number of updated asset objects reloaded before import = 0
Number of asset objects unloaded after import = 22
========================================================================
Received Import Request.
  Time since last request: 0.000074 seconds.
  path: Assets/BloodDecalsAndEffects/BloodGushFX/BloodSprayFX_Extra.prefab
  artifactKey: Guid(3c657dedc43d33a4987fbf09e6363067) Importer(815301076,1909f56bfc062723c751e8b465ee728b)
Start importing Assets/BloodDecalsAndEffects/BloodGushFX/BloodSprayFX_Extra.prefab using Guid(3c657dedc43d33a4987fbf09e6363067) Importer(815301076,1909f56bfc062723c751e8b465ee728b)  -> (artifact id: 'e4549f490cb0911cebb1fb1db14f5e16') in 0.035742 seconds
Number of updated asset objects reloaded before import = 0
Number of asset objects unloaded after import = 18
========================================================================
Received Import Request.
  Time since last request: 2.350450 seconds.
  path: Assets/BloodDecalsAndEffects/BloodGushFX/BloodGushFX
  artifactKey: Guid(03d4b47dda9338d49bcc4328b5bc3b8e) Importer(815301076,1909f56bfc062723c751e8b465ee728b)
Start importing Assets/BloodDecalsAndEffects/BloodGushFX/BloodGushFX using Guid(03d4b47dda9338d49bcc4328b5bc3b8e) Importer(815301076,1909f56bfc062723c751e8b465ee728b)  -> (artifact id: '640dc540c956cdb88cb1d4552713e781') in 0.000691 seconds
Number of updated asset objects reloaded before import = 0
Number of asset objects unloaded after import = 0
========================================================================
Received Import Request.
  Time since last request: 6.549355 seconds.
  path: Assets/BloodDecalsAndEffects/BloodGushFX/BloodGushFX/Materials
  artifactKey: Guid(b6306e0edb49a9d448cd3a806e7684a6) Importer(815301076,1909f56bfc062723c751e8b465ee728b)
Start importing Assets/BloodDecalsAndEffects/BloodGushFX/BloodGushFX/Materials using Guid(b6306e0edb49a9d448cd3a806e7684a6) Importer(815301076,1909f56bfc062723c751e8b465ee728b)  -> (artifact id: 'e0c293dab87bafcac97c5e71c1545215') in 0.000625 seconds
Number of updated asset objects reloaded before import = 0
Number of asset objects unloaded after import = 0
========================================================================
Received Import Request.
  Time since last request: 0.088197 seconds.
  path: Assets/BloodDecalsAndEffects/BloodGushFX/BloodGushFX/Materials/BloodParticleA.mat
  artifactKey: Guid(94a55713ee628a245a74794f36a1b6f7) Importer(815301076,1909f56bfc062723c751e8b465ee728b)
Start importing Assets/BloodDecalsAndEffects/BloodGushFX/BloodGushFX/Materials/BloodParticleA.mat using Guid(94a55713ee628a245a74794f36a1b6f7) Importer(815301076,1909f56bfc062723c751e8b465ee728b)  -> (artifact id: 'fb60fb6108881aa6190d3ecfdb6ec4b1') in 0.040706 seconds
Number of updated asset objects reloaded before import = 0
Number of asset objects unloaded after import = 2
========================================================================
Received Import Request.
  Time since last request: 0.000075 seconds.
  path: Assets/BloodDecalsAndEffects/BloodGushFX/BloodGushFX/Materials/GreyscaleParticleA.mat
  artifactKey: Guid(c999c2443197c6a47b9521be92b71c8b) Importer(815301076,1909f56bfc062723c751e8b465ee728b)
Start importing Assets/BloodDecalsAndEffects/BloodGushFX/BloodGushFX/Materials/GreyscaleParticleA.mat using Guid(c999c2443197c6a47b9521be92b71c8b) Importer(815301076,1909f56bfc062723c751e8b465ee728b)  -> (artifact id: '823e118ff5b982fbada8aab82e25e029') in 0.018534 seconds
Number of updated asset objects reloaded before import = 0
Number of asset objects unloaded after import = 2
========================================================================
Received Import Request.
  Time since last request: 0.000036 seconds.
  path: Assets/BloodDecalsAndEffects/BloodGushFX/BloodGushFX/Materials/GreyscaleParticleB.mat
  artifactKey: Guid(690c48dc9c0f6924aab75be8de531f32) Importer(815301076,1909f56bfc062723c751e8b465ee728b)
Start importing Assets/BloodDecalsAndEffects/BloodGushFX/BloodGushFX/Materials/GreyscaleParticleB.mat using Guid(690c48dc9c0f6924aab75be8de531f32) Importer(815301076,1909f56bfc062723c751e8b465ee728b)  -> (artifact id: 'e7d3824a6550e0b52086d7b3f34a8382') in 0.024736 seconds
Number of updated asset objects reloaded before import = 0
Number of asset objects unloaded after import = 2
========================================================================
Received Import Request.
  Time since last request: 0.000035 seconds.
  path: Assets/BloodDecalsAndEffects/BloodGushFX/BloodGushFX/Materials/GreyscaleParticleC.mat
  artifactKey: Guid(dc45b722b7634214a9d664f8971d634d) Importer(815301076,1909f56bfc062723c751e8b465ee728b)
Start importing Assets/BloodDecalsAndEffects/BloodGushFX/BloodGushFX/Materials/GreyscaleParticleC.mat using Guid(dc45b722b7634214a9d664f8971d634d) Importer(815301076,1909f56bfc062723c751e8b465ee728b)  -> (artifact id: '1b310cf7fae0e576f2d4dfe718934b2c') in 0.022441 seconds
Number of updated asset objects reloaded before import = 0
Number of asset objects unloaded after import = 2
========================================================================
Received Import Request.
  Time since last request: 1.826227 seconds.
  path: Assets/BloodDecalsAndEffects/BloodGushFX/BloodGushFX/Textures/BloodParticleFX.png
  artifactKey: Guid(3103143b7f273b54e8e46b4f2f433163) Importer(815301076,1909f56bfc062723c751e8b465ee728b)
Start importing Assets/BloodDecalsAndEffects/BloodGushFX/BloodGushFX/Textures/BloodParticleFX.png using Guid(3103143b7f273b54e8e46b4f2f433163) Importer(815301076,1909f56bfc062723c751e8b465ee728b)  -> (artifact id: '747b8f6dcd7553a8b18fc99ca32868ca') in 0.042241 seconds
Number of updated asset objects reloaded before import = 0
Number of asset objects unloaded after import = 2
========================================================================
Received Import Request.
  Time since last request: 6.722082 seconds.
  path: Assets/BloodDecalsAndEffects/TiledRoom
  artifactKey: Guid(544b7cc5a79c97f429e81cc65adfcaf0) Importer(815301076,1909f56bfc062723c751e8b465ee728b)
Start importing Assets/BloodDecalsAndEffects/TiledRoom using Guid(544b7cc5a79c97f429e81cc65adfcaf0) Importer(815301076,1909f56bfc062723c751e8b465ee728b)  -> (artifact id: '645dc834de8dcf99943ab3cf74d57b94') in 0.001133 seconds
Number of updated asset objects reloaded before import = 0
Number of asset objects unloaded after import = 0
========================================================================
Received Import Request.
  Time since last request: 3.634358 seconds.
  path: Assets/BloodDecalsAndEffects/BloodGushFX/Gibblets
  artifactKey: Guid(ce5250c20e2fbdf45b038d464268d449) Importer(815301076,1909f56bfc062723c751e8b465ee728b)
Start importing Assets/BloodDecalsAndEffects/BloodGushFX/Gibblets using Guid(ce5250c20e2fbdf45b038d464268d449) Importer(815301076,1909f56bfc062723c751e8b465ee728b)  -> (artifact id: '26da11b4f3e254b7f6a812f9d3b7cf94') in 0.000868 seconds
Number of updated asset objects reloaded before import = 0
Number of asset objects unloaded after import = 0
========================================================================
Received Import Request.
  Time since last request: 0.080823 seconds.
  path: Assets/BloodDecalsAndEffects/BloodGushFX/Gibblets/GibbletChunk_1.prefab
  artifactKey: Guid(5393a565263ac1f4d9fbd91281ee69b8) Importer(815301076,1909f56bfc062723c751e8b465ee728b)
Start importing Assets/BloodDecalsAndEffects/BloodGushFX/Gibblets/GibbletChunk_1.prefab using Guid(5393a565263ac1f4d9fbd91281ee69b8) Importer(815301076,1909f56bfc062723c751e8b465ee728b)  -> (artifact id: '28737f0b37101a558adb9bd4a972fd70') in 0.527558 seconds
Number of updated asset objects reloaded before import = 0
Number of asset objects unloaded after import = 13
========================================================================
Received Import Request.
  Time since last request: 10.542406 seconds.
  path: Assets/BloodDecalsAndEffects/BloodGushFX/brainsAndBlood
  artifactKey: Guid(789822ae227daba40b3c8fe332a5abd2) Importer(815301076,1909f56bfc062723c751e8b465ee728b)
Start importing Assets/BloodDecalsAndEffects/BloodGushFX/brainsAndBlood using Guid(789822ae227daba40b3c8fe332a5abd2) Importer(815301076,1909f56bfc062723c751e8b465ee728b)  -> (artifact id: '4f863dfecafb806d1835f0762327df05') in 0.000968 seconds
Number of updated asset objects reloaded before import = 0
Number of asset objects unloaded after import = 0
========================================================================
Received Import Request.
  Time since last request: 1.386075 seconds.
  path: Assets/BloodDecalsAndEffects/BloodGushFX/brainsAndBlood/Materials
  artifactKey: Guid(0592503887484874799a4ef4ae0e5cbf) Importer(815301076,1909f56bfc062723c751e8b465ee728b)
Start importing Assets/BloodDecalsAndEffects/BloodGushFX/brainsAndBlood/Materials using Guid(0592503887484874799a4ef4ae0e5cbf) Importer(815301076,1909f56bfc062723c751e8b465ee728b)  -> (artifact id: 'e108f7809d75d0d0d081082623dc5645') in 0.001270 seconds
Number of updated asset objects reloaded before import = 0
Number of asset objects unloaded after import = 0
========================================================================
Received Import Request.
  Time since last request: 0.065663 seconds.
  path: Assets/BloodDecalsAndEffects/BloodGushFX/brainsAndBlood/Materials/Brains_Material.mat
  artifactKey: Guid(53bcb426812ccb244ac869c8d55fcc21) Importer(815301076,1909f56bfc062723c751e8b465ee728b)
Start importing Assets/BloodDecalsAndEffects/BloodGushFX/brainsAndBlood/Materials/Brains_Material.mat using Guid(53bcb426812ccb244ac869c8d55fcc21) Importer(815301076,1909f56bfc062723c751e8b465ee728b)  -> (artifact id: 'ac71ddc0f4ddbb95a23c7505a4954dd4') in 0.036883 seconds
Number of updated asset objects reloaded before import = 0
Number of asset objects unloaded after import = 6
========================================================================
Received Import Request.
  Time since last request: 3.126367 seconds.
  path: Assets/BloodDecalsAndEffects/BloodGushFX/brainsAndBlood/Textures
  artifactKey: Guid(2746d528125eb654a95a62d4254264e6) Importer(815301076,1909f56bfc062723c751e8b465ee728b)
Start importing Assets/BloodDecalsAndEffects/BloodGushFX/brainsAndBlood/Textures using Guid(2746d528125eb654a95a62d4254264e6) Importer(815301076,1909f56bfc062723c751e8b465ee728b)  -> (artifact id: 'e44eca73333afe0422b05ebdabd8c1f2') in 0.000916 seconds
Number of updated asset objects reloaded before import = 0
Number of asset objects unloaded after import = 0
========================================================================
Received Import Request.
  Time since last request: 0.083941 seconds.
  path: Assets/BloodDecalsAndEffects/BloodGushFX/brainsAndBlood/Textures/Brains_Diffuse.png
  artifactKey: Guid(204abc37f1ef2084c8551a7afbe60edc) Importer(815301076,1909f56bfc062723c751e8b465ee728b)
Start importing Assets/BloodDecalsAndEffects/BloodGushFX/brainsAndBlood/Textures/Brains_Diffuse.png using Guid(204abc37f1ef2084c8551a7afbe60edc) Importer(815301076,1909f56bfc062723c751e8b465ee728b)  -> (artifact id: 'fa7bcae159d293c8a43d5924d23812b0') in 0.020088 seconds
Number of updated asset objects reloaded before import = 0
Number of asset objects unloaded after import = 2
========================================================================
Received Import Request.
  Time since last request: 0.000101 seconds.
  path: Assets/BloodDecalsAndEffects/BloodGushFX/brainsAndBlood/Textures/Brains_SpecGloss.png
  artifactKey: Guid(3d94dcdf086297049943a0b0e7566fad) Importer(815301076,1909f56bfc062723c751e8b465ee728b)
Start importing Assets/BloodDecalsAndEffects/BloodGushFX/brainsAndBlood/Textures/Brains_SpecGloss.png using Guid(3d94dcdf086297049943a0b0e7566fad) Importer(815301076,1909f56bfc062723c751e8b465ee728b)  -> (artifact id: '021c280519100ebc10b06546d8143db5') in 0.016875 seconds
Number of updated asset objects reloaded before import = 0
Number of asset objects unloaded after import = 2
========================================================================
Received Import Request.
  Time since last request: 0.000042 seconds.
  path: Assets/BloodDecalsAndEffects/BloodGushFX/brainsAndBlood/Textures/Brains_Normal.png
  artifactKey: Guid(4cba40c9f7d32254585baf3702bf4507) Importer(815301076,1909f56bfc062723c751e8b465ee728b)
Start importing Assets/BloodDecalsAndEffects/BloodGushFX/brainsAndBlood/Textures/Brains_Normal.png using Guid(4cba40c9f7d32254585baf3702bf4507) Importer(815301076,1909f56bfc062723c751e8b465ee728b)  -> (artifact id: '4b5c1f166d02986529aef050e1175f1c') in 0.033834 seconds
Number of updated asset objects reloaded before import = 0
Number of asset objects unloaded after import = 2
========================================================================
Received Import Request.
  Time since last request: 11.614227 seconds.
  path: Assets/BloodDecalsAndEffects/BloodGushFX/BloodGushFX/Textures/BloodParticleFX_1.png
  artifactKey: Guid(4b7ad1607a9e2294fa522cae628443d5) Importer(815301076,1909f56bfc062723c751e8b465ee728b)
Start importing Assets/BloodDecalsAndEffects/BloodGushFX/BloodGushFX/Textures/BloodParticleFX_1.png using Guid(4b7ad1607a9e2294fa522cae628443d5) Importer(815301076,1909f56bfc062723c751e8b465ee728b)  -> (artifact id: '9f863de4e8bbb1e163d4cce82b888adb') in 0.013430 seconds
Number of updated asset objects reloaded before import = 0
Number of asset objects unloaded after import = 2
========================================================================
Received Import Request.
  Time since last request: 29.753246 seconds.
  path: Assets/BloodDecalsAndEffects/TiledRoom/Textures
  artifactKey: Guid(e7738b7ec5f89714ea39f147306e039b) Importer(815301076,1909f56bfc062723c751e8b465ee728b)
Start importing Assets/BloodDecalsAndEffects/TiledRoom/Textures using Guid(e7738b7ec5f89714ea39f147306e039b) Importer(815301076,1909f56bfc062723c751e8b465ee728b)  -> (artifact id: '8cd709085cc4d8fa68c4dbb351b0a245') in 0.001354 seconds
Number of updated asset objects reloaded before import = 0
Number of asset objects unloaded after import = 0
========================================================================
Received Import Request.
  Time since last request: 0.686393 seconds.
  path: Assets/BloodDecalsAndEffects/TiledRoom/Textures/Tiles
  artifactKey: Guid(b513572d6ab617246b16473497e7de19) Importer(815301076,1909f56bfc062723c751e8b465ee728b)
Start importing Assets/BloodDecalsAndEffects/TiledRoom/Textures/Tiles using Guid(b513572d6ab617246b16473497e7de19) Importer(815301076,1909f56bfc062723c751e8b465ee728b)  -> (artifact id: 'd85e0cf5040c36a0c735b89f4978e6d7') in 0.000709 seconds
Number of updated asset objects reloaded before import = 0
Number of asset objects unloaded after import = 0
========================================================================
Received Import Request.
  Time since last request: 0.082591 seconds.
  path: Assets/BloodDecalsAndEffects/TiledRoom/Textures/Tiles/TilesAlbedo.png
  artifactKey: Guid(a926a4504c5352c4ab3979e16ae091b4) Importer(815301076,1909f56bfc062723c751e8b465ee728b)
Start importing Assets/BloodDecalsAndEffects/TiledRoom/Textures/Tiles/TilesAlbedo.png using Guid(a926a4504c5352c4ab3979e16ae091b4) Importer(815301076,1909f56bfc062723c751e8b465ee728b)  -> (artifact id: 'c2f98f960a8fad0480f9415bee458d0c') in 0.019377 seconds
Number of updated asset objects reloaded before import = 0
Number of asset objects unloaded after import = 2
========================================================================
Received Import Request.
  Time since last request: 0.000053 seconds.
  path: Assets/BloodDecalsAndEffects/TiledRoom/Textures/Tiles/tilesNorm_height.png
  artifactKey: Guid(4e9a863906105c34eb42efffe8ff8fdf) Importer(815301076,1909f56bfc062723c751e8b465ee728b)
Start importing Assets/BloodDecalsAndEffects/TiledRoom/Textures/Tiles/tilesNorm_height.png using Guid(4e9a863906105c34eb42efffe8ff8fdf) Importer(815301076,1909f56bfc062723c751e8b465ee728b)  -> (artifact id: '75738a1e2ba7b25bfcfb285414ea99d2') in 0.013864 seconds
Number of updated asset objects reloaded before import = 0
Number of asset objects unloaded after import = 2
========================================================================
Received Import Request.
  Time since last request: 5.665648 seconds.
  path: Assets/BloodDecalsAndEffects/BloodGushFX/BloodPartcleFX_Scene.unity
  artifactKey: Guid(cb2d6e429ca112f499e1db771d5bd27c) Importer(815301076,1909f56bfc062723c751e8b465ee728b)
Start importing Assets/BloodDecalsAndEffects/BloodGushFX/BloodPartcleFX_Scene.unity using Guid(cb2d6e429ca112f499e1db771d5bd27c) Importer(815301076,1909f56bfc062723c751e8b465ee728b)  -> (artifact id: '15d05460c2d963572edd624fbd5d37c9') in 0.000952 seconds
Number of updated asset objects reloaded before import = 0
Number of asset objects unloaded after import = 0
========================================================================
Received Import Request.
  Time since last request: 91.712451 seconds.
  path: Assets/SampleSceneAssets/Asian Tree Package Vol.1/Source/Models/Basic_4.fbx
  artifactKey: Guid(369d476bd3095164bb10e9b7b926e37a) Importer(815301076,1909f56bfc062723c751e8b465ee728b)
Start importing Assets/SampleSceneAssets/Asian Tree Package Vol.1/Source/Models/Basic_4.fbx using Guid(369d476bd3095164bb10e9b7b926e37a) Importer(815301076,1909f56bfc062723c751e8b465ee728b)  -> (artifact id: 'eff7d899a0ebbe060fa916ac8345dec2') in 0.139365 seconds
Number of updated asset objects reloaded before import = 0
Number of asset objects unloaded after import = 15
========================================================================
Received Import Request.
  Time since last request: 0.000112 seconds.
  path: Assets/SampleSceneAssets/Asian Tree Package Vol.1/Source/Models/Bonsai_Angled.fbx
  artifactKey: Guid(4b8645c530243e24fb73274e66efab71) Importer(815301076,1909f56bfc062723c751e8b465ee728b)
Start importing Assets/SampleSceneAssets/Asian Tree Package Vol.1/Source/Models/Bonsai_Angled.fbx using Guid(4b8645c530243e24fb73274e66efab71) Importer(815301076,1909f56bfc062723c751e8b465ee728b)  -> (artifact id: '9e5713b0dfe5437ab794e5eb50689f3f') in 0.093946 seconds
Number of updated asset objects reloaded before import = 0
Number of asset objects unloaded after import = 14
========================================================================
Received Import Request.
  Time since last request: 0.000089 seconds.
  path: Assets/SampleSceneAssets/Asian Tree Package Vol.1/Source/Models/Bonsai.fbx
  artifactKey: Guid(3b266fcc93d3995458ea5cf4284ef98b) Importer(815301076,1909f56bfc062723c751e8b465ee728b)
Start importing Assets/SampleSceneAssets/Asian Tree Package Vol.1/Source/Models/Bonsai.fbx using Guid(3b266fcc93d3995458ea5cf4284ef98b) Importer(815301076,1909f56bfc062723c751e8b465ee728b)  -> (artifact id: '4aa98eb6cfd31149026ad47fc955317f') in 0.095304 seconds
Number of updated asset objects reloaded before import = 0
Number of asset objects unloaded after import = 14
========================================================================
Received Import Request.
  Time since last request: 0.000057 seconds.
  path: Assets/SampleSceneAssets/Asian Tree Package Vol.1/Prefabs/URP/Bonsai_Angled.prefab
  artifactKey: Guid(15b91b018a84e22448301c8416c26d8b) Importer(815301076,1909f56bfc062723c751e8b465ee728b)
Start importing Assets/SampleSceneAssets/Asian Tree Package Vol.1/Prefabs/URP/Bonsai_Angled.prefab using Guid(15b91b018a84e22448301c8416c26d8b) Importer(815301076,1909f56bfc062723c751e8b465ee728b)  -> (artifact id: '3a4371b165002a9993b46ab13e31d99c') in 0.069122 seconds
Number of updated asset objects reloaded before import = 0
Number of asset objects unloaded after import = 42
Editor requested this worker to shutdown with reason: Scaling down because of idle timeout
TcpMessagingSession - receive error: operation aborted. errorcode: 995, details: The I/O operation has been aborted because of either a thread exit or an application request.
AssetImportWorker is now disconnected from the server
Process exiting
Exiting without the bug reporter. Application will terminate with return code 0